CARTE_MERE 1
IND_COMMUN 306 5397 -5768
IND_COMMUN 310 4199 -5754
IND_COMMUN 310 4318 -5728
IND_COMMUN 306 5292 -5728
IND_COMMUN 301 3366 -5721
IND_COMMUN 306 2632 -5705
IND_COMMUN 301 3316 -5699
IND_COMMUN 310 4173 -5699
IND_COMMUN 310 4255 -5677
IND_COMMUN 305 5392 -5676
IND_COMMUN 305 5914 -5639
IND_COMMUN 305 5826 -5614
IND_COMMUN 306 2512 -5591
IND_COMMUN 301 5908 -5534
IND_COMMUN 301 5995 -5483
IND_COMMUN 306 2638 -5465
IND_COMMUN 306 3707 -5389
IND_COMMUN 306 3605 -5379
IND_COMMUN 306 4971 -5362
IND_COMMUN 306 4880 -5327
IND_COMMUN 306 2912 -5283
IND_COMMUN 306 3689 -5279
IND_COMMUN 306 2802 -5244
IND_COMMUN 305 4876 -5231
IND_COMMUN 310 4434 -5207
IND_COMMUN 301 3621 -5200
IND_COMMUN 306 2792 -5161
IND_COMMUN 310 4328 -5153
IND_COMMUN 301 5350 -5145
IND_COMMUN 301 5284 -5133
IND_COMMUN 306 2905 -5103
IND_COMMUN 306 3700 -5101
IND_COMMUN 310 4508 -5095
IND_COMMUN 310 4388 -5066
IND_COMMUN 305 5409 -4783
IND_COMMUN 306 6047 -4752
IND_COMMUN 306 6224 -4739
IND_COMMUN 301 3214 -4733
IND_COMMUN 306 2993 -4724
IND_COMMUN 306 6130 -4724
IND_COMMUN 306 3108 -4720
IND_COMMUN 305 5187 -4707
IND_COMMUN 305 4568 -4654
IND_COMMUN 305 3184 -4645
IND_COMMUN 305 3055 -4641
IND_COMMUN 306 6248 -4639
IND_COMMUN 305 4468 -4623
IND_COMMUN 305 4668 -4612
IND_COMMUN 306 6133 -4604
IND_COMMUN 305 5337 -4585
IND_COMMUN 305 5441 -4565
IND_COMMUN 301 3110 -4558
IND_COMMUN 305 4604 -4527
IND_COMMUN 306 6083 -4495
IND_COMMUN 305 3906 -4416
IND_COMMUN 305 3801 -4407
IND_COMMUN 305 3926 -4331
IND_COMMUN 305 3848 -4328
IND_COMMUN 301 5051 -4265
IND_COMMUN 301 5207 -4186
IND_COMMUN 310 3077 -4173
IND_COMMUN 301 5140 -4167
IND_COMMUN 301 3239 -4139
IND_COMMUN 301 5195 -4090
IND_COMMUN 310 3325 -4013
IND_COMMUN 310 3085 -4011
IND_COMMUN 310 3207 -3993