CARTE_MERE 1
SANS_COLLISION
PAYSAGE 30007 8751 -3153
PAYSAGE 30007 10583 -3151
PAYSAGE 30007 10824 -3142
PAYSAGE 30007 9330 -3137
PAYSAGE 30007 9083 -3136
PAYSAGE 30007 9209 -3134
PAYSAGE 30007 8861 -3133
PAYSAGE 30007 8974 -3130
PAYSAGE 30007 9601 -3121
PAYSAGE 30007 10389 -3120
PAYSAGE 30007 9739 -3117
PAYSAGE 30007 9475 -3116
PAYSAGE 30007 7860 -3086
PAYSAGE 30007 7507 -3084
PAYSAGE 30007 7683 -3078
PAYSAGE 30007 12025 -3078
PAYSAGE 30007 7347 -3075
PAYSAGE 30007 11894 -3075
PAYSAGE 30007 11751 -3065
PAYSAGE 30007 10721 -3061
PAYSAGE 30007 10582 -3058
PAYSAGE 30007 10837 -3055
PAYSAGE 30007 10962 -3036
PAYSAGE 30007 8752 -3034
PAYSAGE 30007 9635 -3008
PAYSAGE 30007 9752 -3006
PAYSAGE 30007 9469 -3001
PAYSAGE 30007 9170 -2993
PAYSAGE 30007 9037 -2992
PAYSAGE 30007 9298 -2989
PAYSAGE 30007 8898 -2984
PAYSAGE 30007 7417 -2966
PAYSAGE 30007 8034 -2963
PAYSAGE 30007 7569 -2961
PAYSAGE 30007 7743 -2960
PAYSAGE 30007 7891 -2951
PAYSAGE 30007 10964 -2916
PAYSAGE 30007 10568 -2912
PAYSAGE 30007 10813 -2912
PAYSAGE 30007 10681 -2910
PAYSAGE 30007 12038 -2895
PAYSAGE 30007 7303 -2875
PAYSAGE 30007 11105 -2875
PAYSAGE 30007 8034 -2830
PAYSAGE 30007 7432 -2813
PAYSAGE 30007 7849 -2804
PAYSAGE 30007 7713 -2803
PAYSAGE 30007 7569 -2787
PAYSAGE 30007 12041 -2776
PAYSAGE 30007 10701 -2766
PAYSAGE 30007 10821 -2763
PAYSAGE 30007 10959 -2760
PAYSAGE 30007 10568 -2756
PAYSAGE 30007 11183 -2746
PAYSAGE 30007 7293 -2726
PAYSAGE 30007 11066 -2703
PAYSAGE 30007 7418 -2683
PAYSAGE 30007 5943 -2661
PAYSAGE 30007 5835 -2660
PAYSAGE 30007 12047 -2643
PAYSAGE 30007 10740 -2620
PAYSAGE 30007 10906 -2616
PAYSAGE 30007 10579 -2588
PAYSAGE 30007 11073 -2568
PAYSAGE 30007 5871 -2553
PAYSAGE 30007 7238 -2547
PAYSAGE 30007 7381 -2539
PAYSAGE 30007 11227 -2539
PAYSAGE 30007 7084 -2513
PAYSAGE 30007 6929 -2501
PAYSAGE 30007 6797 -2494
PAYSAGE 30007 12048 -2493
PAYSAGE 30007 9596 -2491
PAYSAGE 30007 10966 -2490
PAYSAGE 30007 9082 -2483
PAYSAGE 30007 9424 -2480
PAYSAGE 30007 8910 -2478
PAYSAGE 30007 10779 -2470
PAYSAGE 30007 9248 -2466
PAYSAGE 30007 10632 -2465
PAYSAGE 30007 7245 -2406
PAYSAGE 30007 11038 -2395
PAYSAGE 30007 11226 -2383
PAYSAGE 30007 9127 -2378
PAYSAGE 30007 8984 -2377
PAYSAGE 30007 9793 -2375
PAYSAGE 30007 9557 -2372
PAYSAGE 30007 8852 -2370
PAYSAGE 30007 9705 -2366
PAYSAGE 30007 9929 -2364
PAYSAGE 30007 7118 -2353
PAYSAGE 30007 7403 -2352
PAYSAGE 30007 12040 -2346
PAYSAGE 30007 6944 -2343
PAYSAGE 30007 9456 -2343
PAYSAGE 30007 10837 -2340
PAYSAGE 30007 10681 -2335
PAYSAGE 30007 9297 -2333
PAYSAGE 30007 6781 -2331
PAYSAGE 30007 11194 -2275
PAYSAGE 30007 11005 -2272
PAYSAGE 30007 8955 -2253
PAYSAGE 30007 9620 -2252
PAYSAGE 30007 7209 -2247
PAYSAGE 30007 9127 -2243
PAYSAGE 30007 8828 -2241
PAYSAGE 30007 7354 -2228
PAYSAGE 30007 10871 -2217
PAYSAGE 30007 9774 -2213
PAYSAGE 30007 6864 -2207
PAYSAGE 30007 10715 -2201
PAYSAGE 30007 7050 -2199
PAYSAGE 30007 9928 -2198
PAYSAGE 30007 12033 -2191
PAYSAGE 30007 9301 -2176
PAYSAGE 30007 9469 -2176
PAYSAGE 30007 11043 -2165
PAYSAGE 30007 11174 -2153
PAYSAGE 30007 9125 -2102
PAYSAGE 30007 8966 -2095
PAYSAGE 30007 9582 -2094
PAYSAGE 30007 6790 -2090
PAYSAGE 30007 8814 -2090
PAYSAGE 30007 7195 -2087
PAYSAGE 30007 7881 -2083
PAYSAGE 30007 10720 -2079
PAYSAGE 30007 10907 -2074
PAYSAGE 30007 9738 -2067
PAYSAGE 30007 9934 -2066
PAYSAGE 30007 12031 -2062
PAYSAGE 30007 7000 -2061
PAYSAGE 30007 7390 -2059
PAYSAGE 30007 9446 -2035
PAYSAGE 30007 11173 -2035
PAYSAGE 30007 9269 -2028
PAYSAGE 30007 8118 -2022
PAYSAGE 30007 11047 -2015
PAYSAGE 30007 7520 -2007
PAYSAGE 30007 8270 -2002
PAYSAGE 30007 10756 -1974
PAYSAGE 30007 9095 -1964
PAYSAGE 30007 8937 -1961
PAYSAGE 30007 8783 -1956
PAYSAGE 30007 9776 -1944
PAYSAGE 30007 9911 -1943
PAYSAGE 30007 9594 -1941
PAYSAGE 30007 10940 -1941
PAYSAGE 30007 7203 -1932
PAYSAGE 30007 6797 -1926
PAYSAGE 30007 7352 -1925
PAYSAGE 30007 7048 -1919
PAYSAGE 30007 8020 -1919
PAYSAGE 30007 7628 -1916
PAYSAGE 30007 9431 -1911
PAYSAGE 30007 7908 -1910
PAYSAGE 30007 7769 -1908
PAYSAGE 30007 6910 -1904
PAYSAGE 30007 11221 -1898
PAYSAGE 30007 9256 -1892
PAYSAGE 30007 12046 -1882
PAYSAGE 30007 11053 -1869
PAYSAGE 30007 11367 -1856
PAYSAGE 30007 8125 -1852
PAYSAGE 30007 11523 -1851
PAYSAGE 30007 8260 -1850
PAYSAGE 30007 11681 -1849
PAYSAGE 30007 7481 -1847
PAYSAGE 30007 11921 -1844
PAYSAGE 30007 11796 -1840
PAYSAGE 30007 9742 -1834
PAYSAGE 30007 10757 -1834
PAYSAGE 30007 9084 -1826
PAYSAGE 30007 9910 -1823
PAYSAGE 30007 8929 -1819
PAYSAGE 30007 8771 -1817
PAYSAGE 30007 10907 -1817
PAYSAGE 30007 9561 -1805
PAYSAGE 30007 7772 -1802
PAYSAGE 30007 7917 -1796
PAYSAGE 30007 7591 -1792
PAYSAGE 30007 7320 -1788
PAYSAGE 30007 7173 -1787
PAYSAGE 30007 7053 -1780
PAYSAGE 30007 8050 -1772
PAYSAGE 30007 9413 -1767
PAYSAGE 30007 12039 -1763
PAYSAGE 30007 6779 -1755
PAYSAGE 30007 9259 -1754
PAYSAGE 30007 11231 -1747
PAYSAGE 30007 6938 -1732
PAYSAGE 30007 11068 -1729
PAYSAGE 30007 11554 -1728
PAYSAGE 30007 11854 -1728
PAYSAGE 30007 11382 -1727
PAYSAGE 30007 10781 -1725
PAYSAGE 30007 11701 -1722
PAYSAGE 30007 9607 -1720
PAYSAGE 30007 9768 -1720
PAYSAGE 30007 9894 -1708
PAYSAGE 30007 7518 -1706
PAYSAGE 30007 10959 -1706
PAYSAGE 30007 9141 -1700
PAYSAGE 30007 8964 -1694
PAYSAGE 30007 8790 -1690
PAYSAGE 30007 7905 -1675
PAYSAGE 30007 7742 -1653
PAYSAGE 30007 8031 -1644
PAYSAGE 30007 7014 -1625
PAYSAGE 30007 7614 -1619
PAYSAGE 30007 7167 -1617
PAYSAGE 30007 7450 -1602
PAYSAGE 30007 6784 -1601
PAYSAGE 30007 7296 -1595
PAYSAGE 30007 14477 -1272
PAYSAGE 30007 8609 -1223
PAYSAGE 30007 10014 -1216
PAYSAGE 30007 9681 -1214
PAYSAGE 30007 9859 -1209
PAYSAGE 30007 9492 -1204
PAYSAGE 30007 8759 -1200
PAYSAGE 30007 8957 -1199
PAYSAGE 30007 9163 -1199
PAYSAGE 30007 9329 -1197
PAYSAGE 30007 14307 -1189
PAYSAGE 30007 12604 -1177
PAYSAGE 30007 12939 -1170
PAYSAGE 30007 12406 -1162
PAYSAGE 30007 11299 -1160
PAYSAGE 30007 13264 -1158
PAYSAGE 30007 13597 -1158
PAYSAGE 30007 12074 -1157
PAYSAGE 30007 13428 -1156
PAYSAGE 30007 13781 -1156
PAYSAGE 30007 11479 -1155
PAYSAGE 30007 12257 -1153
PAYSAGE 30007 13954 -1153
PAYSAGE 30007 14129 -1151
PAYSAGE 30007 11125 -1150
PAYSAGE 30007 6208 -1149
PAYSAGE 30007 11682 -1146
PAYSAGE 30007 13081 -1146
PAYSAGE 30007 10739 -1145
PAYSAGE 30007 10938 -1144
PAYSAGE 30007 12769 -1141
PAYSAGE 30007 10557 -1131
PAYSAGE 30007 14491 -1130
PAYSAGE 30007 10180 -1122
PAYSAGE 30007 10360 -1121
PAYSAGE 30007 6379 -1115
PAYSAGE 30007 9823 -1112
PAYSAGE 30007 8607 -1110
PAYSAGE 30007 11863 -1109
PAYSAGE 30007 9236 -1105
PAYSAGE 30007 9973 -1103
PAYSAGE 30007 9397 -1101
PAYSAGE 30007 9535 -1101
PAYSAGE 30007 9075 -1100
PAYSAGE 30007 8784 -1095
PAYSAGE 30007 8926 -1095
PAYSAGE 30007 9677 -1093
PAYSAGE 30007 6568 -1087
PAYSAGE 30007 8470 -1081
PAYSAGE 30007 6717 -1068
PAYSAGE 30007 8247 -1065
PAYSAGE 30007 7155 -1063
PAYSAGE 30007 7469 -1060
PAYSAGE 30007 6868 -1055
PAYSAGE 30007 8082 -1055
PAYSAGE 30007 14362 -1050
PAYSAGE 30007 7768 -1049
PAYSAGE 30007 13447 -1047
PAYSAGE 30007 7031 -1046
PAYSAGE 30007 7312 -1044
PAYSAGE 30007 14164 -1044
PAYSAGE 30007 12103 -1043
PAYSAGE 30007 11734 -1040
PAYSAGE 30007 7937 -1039
PAYSAGE 30007 11505 -1039
PAYSAGE 30007 12906 -1038
PAYSAGE 30007 14515 -1033
PAYSAGE 30007 12652 -1032
PAYSAGE 30007 7631 -1031
PAYSAGE 30007 13298 -1031
PAYSAGE 30007 13032 -1028
PAYSAGE 30007 13791 -1028
PAYSAGE 30007 13603 -1026
PAYSAGE 30007 13969 -1026
PAYSAGE 30007 11305 -1024
PAYSAGE 30007 10926 -1022
PAYSAGE 30007 12445 -1018
PAYSAGE 30007 6211 -1008
PAYSAGE 30007 12786 -1004
PAYSAGE 30007 12253 -1002
PAYSAGE 30007 11113 -1001
PAYSAGE 30007 8394 -997
PAYSAGE 30007 10720 -994
PAYSAGE 30007 8631 -987
PAYSAGE 30007 10537 -984
PAYSAGE 30007 6373 -982
PAYSAGE 30007 10352 -980
PAYSAGE 30007 9553 -976
PAYSAGE 30007 11889 -973
PAYSAGE 30007 10180 -972
PAYSAGE 30007 9387 -965
PAYSAGE 30007 9814 -963
PAYSAGE 30007 9249 -960
PAYSAGE 30007 9992 -958
PAYSAGE 30007 6528 -956
PAYSAGE 30007 9664 -955
PAYSAGE 30007 8760 -950
PAYSAGE 30007 8886 -938
PAYSAGE 30007 9052 -935
PAYSAGE 30007 8120 -932
PAYSAGE 30007 6666 -925
PAYSAGE 30007 6808 -925
PAYSAGE 30007 8228 -922
PAYSAGE 30007 8460 -921
PAYSAGE 30007 7443 -918
PAYSAGE 30007 7774 -917
PAYSAGE 30007 7123 -914
PAYSAGE 30007 7915 -914
PAYSAGE 30007 7301 -913
PAYSAGE 30007 6972 -901
PAYSAGE 30007 7597 -892