CARTE_MERE 1
PAYSAGE 30007 8666 -3567
PAYSAGE 30007 8914 -3561
PAYSAGE 30007 8418 -3559
PAYSAGE 30007 8539 -3557
PAYSAGE 30007 9779 -3542
PAYSAGE 30007 11394 -3542
PAYSAGE 30007 10650 -3541
PAYSAGE 30007 7178 -3539
PAYSAGE 30007 8291 -3539
PAYSAGE 30007 10154 -3538
PAYSAGE 30007 10402 -3535
PAYSAGE 30007 11146 -3532
PAYSAGE 30007 9906 -3531
PAYSAGE 30007 11642 -3530
PAYSAGE 30007 10898 -3528
PAYSAGE 30007 6434 -3527
PAYSAGE 30007 6555 -3527
PAYSAGE 30007 6803 -3527
PAYSAGE 30007 7051 -3527
PAYSAGE 30007 7299 -3527
PAYSAGE 30007 7674 -3527
PAYSAGE 30007 7795 -3527
PAYSAGE 30007 8170 -3527
PAYSAGE 30007 8787 -3527
PAYSAGE 30007 9162 -3527
PAYSAGE 30007 9283 -3527
PAYSAGE 30007 9531 -3527
PAYSAGE 30007 9658 -3527
PAYSAGE 30007 10523 -3525
PAYSAGE 30007 10027 -3524
PAYSAGE 30007 11890 -3524
PAYSAGE 30007 13003 -3523
PAYSAGE 30007 12138 -3521
PAYSAGE 30007 12386 -3518
PAYSAGE 30007 6682 -3517
PAYSAGE 30007 12634 -3516
PAYSAGE 30007 11019 -3515
PAYSAGE 30007 13251 -3515
PAYSAGE 30007 11763 -3514
PAYSAGE 30007 13499 -3512
PAYSAGE 30007 6930 -3510
PAYSAGE 30007 10275 -3510
PAYSAGE 30007 11515 -3510
PAYSAGE 30007 12259 -3510
PAYSAGE 30007 10771 -3508
PAYSAGE 30007 12882 -3508
PAYSAGE 30007 13995 -3508
PAYSAGE 30007 12011 -3507
PAYSAGE 30007 12507 -3506
PAYSAGE 30007 11267 -3504
PAYSAGE 30007 12755 -3503
PAYSAGE 30007 13130 -3503
PAYSAGE 30007 13747 -3502
PAYSAGE 30007 9035 -3501
PAYSAGE 30007 9410 -3501
PAYSAGE 30007 13378 -3500
PAYSAGE 30007 8043 -3499
PAYSAGE 30007 7547 -3498
PAYSAGE 30007 13626 -3497
PAYSAGE 30007 13874 -3494
PAYSAGE 30007 7426 -3492
PAYSAGE 30007 7923 -3485
PAYSAGE 30007 14122 -3477
PAYSAGE 30007 14243 -3459
PAYSAGE 30007 8596 -3441
PAYSAGE 30007 14370 -3432
PAYSAGE 30007 6569 -3428
PAYSAGE 30007 8370 -3409
PAYSAGE 30007 6434 -3397
PAYSAGE 30007 8484 -3396
PAYSAGE 30007 14370 -3309
PAYSAGE 30007 6434 -3279
PAYSAGE 30007 6579 -3279
PAYSAGE 30007 10529 -3278
PAYSAGE 30007 6794 -3272
PAYSAGE 30007 9377 -3264
PAYSAGE 30007 10654 -3264
PAYSAGE 30007 10280 -3262
PAYSAGE 30007 10782 -3260
PAYSAGE 30007 7679 -3259
PAYSAGE 30007 9129 -3259
PAYSAGE 30007 9500 -3252
PAYSAGE 30007 8756 -3247
PAYSAGE 30007 8881 -3247
PAYSAGE 30007 9625 -3247
PAYSAGE 30007 7305 -3246
PAYSAGE 30007 9252 -3245
PAYSAGE 30007 9748 -3244
PAYSAGE 30007 9004 -3242
PAYSAGE 30007 9873 -3242
PAYSAGE 30007 10908 -3241
PAYSAGE 30007 7562 -3240
PAYSAGE 30007 10403 -3233
PAYSAGE 30007 12021 -3219
PAYSAGE 30007 6933 -3216
PAYSAGE 30007 7057 -3216
PAYSAGE 30007 11169 -3214
PAYSAGE 30007 11898 -3210
PAYSAGE 30007 12146 -3208
PAYSAGE 30007 7181 -3206
PAYSAGE 30007 7429 -3203
PAYSAGE 30007 7801 -3200
PAYSAGE 30007 7925 -3200
PAYSAGE 30007 11526 -3200
PAYSAGE 30007 11650 -3200
PAYSAGE 30007 11773 -3200
PAYSAGE 30007 11040 -3188
PAYSAGE 30007 14364 -3184
PAYSAGE 30007 13592 -3179
PAYSAGE 30007 8608 -3175
PAYSAGE 30007 13130 -3175
PAYSAGE 30007 12668 -3173
PAYSAGE 30007 6809 -3168
PAYSAGE 30007 14080 -3162
PAYSAGE 30007 10225 -3153
PAYSAGE 30007 6434 -3149
PAYSAGE 30007 9987 -3138
PAYSAGE 30007 9873 -3128
PAYSAGE 30007 6531 -3110
PAYSAGE 30007 12146 -3094
PAYSAGE 30007 8032 -3086
PAYSAGE 30007 11530 -3078
PAYSAGE 30007 11076 -3073
PAYSAGE 30007 10445 -3072
PAYSAGE 30007 11650 -3070
PAYSAGE 30007 14383 -3061
PAYSAGE 30007 6809 -3050
PAYSAGE 30007 6931 -3050
PAYSAGE 30007 7056 -3050
PAYSAGE 30007 4946 -3031
PAYSAGE 30007 5069 -3031
PAYSAGE 30007 5194 -3031
PAYSAGE 30007 5317 -3031
PAYSAGE 30007 5442 -3031
PAYSAGE 30007 5565 -3031
PAYSAGE 30007 5690 -3031
PAYSAGE 30007 5813 -3031
PAYSAGE 30007 5938 -3031
PAYSAGE 30007 6061 -3031
PAYSAGE 30007 6186 -3031
PAYSAGE 30007 6309 -3031
PAYSAGE 30007 6434 -3031
PAYSAGE 30007 8624 -3024
PAYSAGE 30007 10303 -3023
PAYSAGE 30007 7182 -3022
PAYSAGE 30007 8147 -3011
PAYSAGE 30007 9865 -2994
PAYSAGE 30007 12530 -2990
PAYSAGE 30007 11153 -2989
PAYSAGE 30007 9987 -2979
PAYSAGE 30007 12171 -2960
PAYSAGE 30007 11650 -2952
PAYSAGE 30007 11774 -2952
PAYSAGE 30007 11898 -2951
PAYSAGE 30007 10430 -2941
PAYSAGE 30007 14332 -2936
PAYSAGE 30007 11259 -2925
PAYSAGE 30007 4544 -2923
PAYSAGE 30007 7182 -2898
IND_COMMUN fountainOfLife_animation 6984 -2896
PAYSAGE 30007 8187 -2889
PAYSAGE 30007 8625 -2887
PAYSAGE 30007 8782 -2885
PAYSAGE 30007 10293 -2881
PAYSAGE 30007 9773 -2880
PAYSAGE 30007 9896 -2880
PAYSAGE 30007 9400 -2878
PAYSAGE 30007 12970 -2873
PAYSAGE 30007 9648 -2868
PAYSAGE 30007 9525 -2860
PAYSAGE 30007 9030 -2852
PAYSAGE 30007 12157 -2846
PAYSAGE 30007 9277 -2843
PAYSAGE 30007 8904 -2836
PAYSAGE 30007 9152 -2836
PAYSAGE 30007 11318 -2835
PAYSAGE 30007 10440 -2824
PAYSAGE 30007 11941 -2823
PAYSAGE 30007 14406 -2813
PAYSAGE 30007 11791 -2811
PAYSAGE 30007 8699 -2805
PAYSAGE 30007 13388 -2805
PAYSAGE 30007 8574 -2782
PAYSAGE 30007 7182 -2774
PAYSAGE 30007 5663 -2769
PAYSAGE 30007 5788 -2769
PAYSAGE 30007 5911 -2769
PAYSAGE 30007 6036 -2769
PAYSAGE 30007 6159 -2769
PAYSAGE 30007 8166 -2749
PAYSAGE 30007 10314 -2716
PAYSAGE 30007 12175 -2712
PAYSAGE 30007 7885 -2705
PAYSAGE 30007 8004 -2705
PAYSAGE 30007 11908 -2703
PAYSAGE 30007 11831 -2694
PAYSAGE 30007 10434 -2693
PAYSAGE 30007 11341 -2692
PAYSAGE 30007 14350 -2688
PAYSAGE 30007 12593 -2685
PAYSAGE 30007 7756 -2674
PAYSAGE 30007 6788 -2651
PAYSAGE 30007 6159 -2650
PAYSAGE 30007 6909 -2650
PAYSAGE 30007 7036 -2650
PAYSAGE 30007 7157 -2650
PAYSAGE 30007 6661 -2640
PAYSAGE 30007 7637 -2639
PAYSAGE 10105 11314 -2620
PAYSAGE 10104 11394 -2620
PAYSAGE 10104 11522 -2620
PAYSAGE 10103 11602 -2620
PAYSAGE 10105 11686 -2620
PAYSAGE 10104 11766 -2620
PAYSAGE 10103 11846 -2620
PAYSAGE 30007 9486 -2613
PAYSAGE 30007 9854 -2612
PAYSAGE 30007 8149 -2608
PAYSAGE 30007 9241 -2602
PAYSAGE 30007 9119 -2600
PAYSAGE 30007 9732 -2600
PAYSAGE 30007 12166 -2598
PAYSAGE 30007 9609 -2594
PAYSAGE 30007 8748 -2592
PAYSAGE 30007 9362 -2592
PAYSAGE 30007 8996 -2590
PAYSAGE 30007 6614 -2587
PAYSAGE 30007 11336 -2586
PAYSAGE 30007 8875 -2578
PAYSAGE 30007 10409 -2576
PAYSAGE 30007 11923 -2575
PAYSAGE 30007 14425 -2565
PAYSAGE 30007 7509 -2560
PAYSAGE 30007 8075 -2557
PAYSAGE 30007 6159 -2521
PAYSAGE 30007 11423 -2520
PAYSAGE 30007 9920 -2505
PAYSAGE 30007 8680 -2502
PAYSAGE 30007 8808 -2502
PAYSAGE 30007 10048 -2495
PAYSAGE 30007 8199 -2488
PAYSAGE 30007 9800 -2488
PAYSAGE 30007 6635 -2470
PAYSAGE 30007 6501 -2466
PAYSAGE 30007 12191 -2464
PAYSAGE 30007 11336 -2456
PAYSAGE 30007 11911 -2455
PAYSAGE 30007 7509 -2445
PAYSAGE 30007 10474 -2445
PAYSAGE 30007 14390 -2440
PAYSAGE 30007 12985 -2425
PAYSAGE 30007 6159 -2402
PAYSAGE 30007 12406 -2400
PAYSAGE 30007 6259 -2389
PAYSAGE 30007 10048 -2385
PAYSAGE 30007 10145 -2380
PAYSAGE 30007 8680 -2379
PAYSAGE 20001 11761 -2373
PAYSAGE 30007 11467 -2358
PAYSAGE 30007 12150 -2350
PAYSAGE 30007 6606 -2339
PAYSAGE 30007 11354 -2338
PAYSAGE 30007 10556 -2328
PAYSAGE 30007 11914 -2327
PAYSAGE 30007 14436 -2317
PAYSAGE 30007 7509 -2312
IND_COMMUN fountainOfLife_animation 11630 -2293
PAYSAGE 30007 6159 -2273
PAYSAGE 30007 8666 -2254
PAYSAGE 30007 8409 -2253
PAYSAGE 30007 6251 -2247
PAYSAGE 30007 10073 -2247
PAYSAGE 30007 10150 -2225
PAYSAGE 30007 6662 -2222
PAYSAGE 30007 12177 -2216
PAYSAGE 30007 11465 -2213
PAYSAGE 30007 11314 -2208
PAYSAGE 30007 11929 -2207
PAYSAGE 30007 7798 -2203
PAYSAGE 30007 7509 -2197
PAYSAGE 30007 10584 -2197
PAYSAGE 30007 7642 -2195
PAYSAGE 30007 14411 -2192
PAYSAGE 30007 7960 -2189
PAYSAGE 30007 6494 -2181
PAYSAGE 30007 6159 -2154
PAYSAGE 30007 8356 -2148
PAYSAGE 30007 10041 -2137
PAYSAGE 30007 11794 -2134
PAYSAGE 30007 8128 -2132
PAYSAGE 30007 8676 -2131
PAYSAGE 30007 8244 -2112
PAYSAGE 30007 10203 -2112
PAYSAGE 30007 12171 -2102
PAYSAGE 30007 6632 -2091
PAYSAGE 30007 11347 -2090
PAYSAGE 30007 11495 -2090
PAYSAGE 30007 10570 -2080
PAYSAGE 30007 11920 -2079
PAYSAGE 30007 14431 -2069
PAYSAGE 30007 7634 -2064
PAYSAGE 30007 7757 -2064
PAYSAGE 30007 12579 -2049
PAYSAGE 30007 8001 -2048
PAYSAGE 30007 6285 -2042
PAYSAGE 30007 10337 -2035
PAYSAGE 30007 8405 -2030
PAYSAGE 30007 6159 -2025
PAYSAGE 30007 13033 -2013
PAYSAGE 30007 8651 -2006
PAYSAGE 30007 10056 -1999
PAYSAGE 30007 6642 -1974
PAYSAGE 30007 10227 -1971
PAYSAGE 30007 12168 -1968
PAYSAGE 30007 11672 -1963
PAYSAGE 30007 11297 -1960
PAYSAGE 30007 11424 -1959
PAYSAGE 30007 11920 -1959
PAYSAGE 30007 11545 -1953
PAYSAGE 30007 10597 -1949
PAYSAGE 30007 11793 -1947
PAYSAGE 30007 14419 -1944
PAYSAGE 30007 6159 -1906
PAYSAGE 30007 8411 -1896
PAYSAGE 30007 6267 -1889
PAYSAGE 30007 10047 -1889
PAYSAGE 30007 6516 -1887
PAYSAGE 30007 8669 -1883
PAYSAGE 30007 10276 -1880
PAYSAGE 30007 10162 -1858
PAYSAGE 30007 12176 -1854
PAYSAGE 30007 6642 -1843
PAYSAGE 30007 10581 -1832
PAYSAGE 30007 14413 -1821
PAYSAGE 30007 6159 -1777
PAYSAGE 30007 8415 -1758
PAYSAGE 30007 8640 -1758
PAYSAGE 30007 10064 -1752
PAYSAGE 30007 6642 -1726
PAYSAGE 30007 8130 -1724
PAYSAGE 30007 12173 -1720
PAYSAGE 30007 10189 -1718
PAYSAGE 30007 8274 -1702
PAYSAGE 30007 10593 -1701
PAYSAGE 30007 14426 -1696
PAYSAGE 30007 10046 -1666
PAYSAGE 30007 13039 -1665
PAYSAGE 30007 6159 -1658
PAYSAGE 30007 8656 -1635
PAYSAGE 30007 8130 -1609
PAYSAGE 30007 12100 -1606
PAYSAGE 30007 12615 -1599
PAYSAGE 30007 6642 -1595
PAYSAGE 30007 10860 -1593
PAYSAGE 30007 11356 -1592
PAYSAGE 30007 11852 -1590
PAYSAGE 30007 11604 -1588
PAYSAGE 30007 9275 -1587
PAYSAGE 30007 11108 -1587
PAYSAGE 30007 10736 -1585
PAYSAGE 30007 10612 -1584
PAYSAGE 30007 9647 -1582
PAYSAGE 30007 11480 -1582
PAYSAGE 30007 9027 -1579
PAYSAGE 30007 11232 -1579
PAYSAGE 30007 10132 -1578
PAYSAGE 30007 11728 -1576
PAYSAGE 30007 9895 -1573
PAYSAGE 30007 14401 -1573
PAYSAGE 30007 11976 -1572
PAYSAGE 30007 8779 -1571
PAYSAGE 30007 8903 -1571
PAYSAGE 30007 10984 -1570
PAYSAGE 30007 13463 -1570
PAYSAGE 30007 9399 -1569
PAYSAGE 30007 9523 -1565
PAYSAGE 30007 10018 -1561
PAYSAGE 30007 9151 -1558
PAYSAGE 30007 9771 -1552
PAYSAGE 30007 6159 -1529
PAYSAGE 30007 6890 -1488
PAYSAGE 30007 7386 -1483
PAYSAGE 30007 6642 -1478
PAYSAGE 30007 7138 -1478
PAYSAGE 30007 7634 -1477
PAYSAGE 30007 7882 -1477
PAYSAGE 30007 7760 -1476
PAYSAGE 30007 8008 -1476
PAYSAGE 30007 8130 -1476
PAYSAGE 30007 7512 -1472
PAYSAGE 30007 7264 -1469
PAYSAGE 30007 7016 -1465
PAYSAGE 30007 6768 -1458
PAYSAGE 30007 14430 -1448
PAYSAGE 30007 6293 -1427
PAYSAGE 30007 6159 -1410
PAYSAGE 30007 8540 -1378
PAYSAGE 30007 8685 -1356
PAYSAGE 30007 9441 -1343
PAYSAGE 30007 9188 -1339
PAYSAGE 30007 9564 -1334
PAYSAGE 30007 9943 -1331
PAYSAGE 30007 9691 -1327
PAYSAGE 30007 10068 -1326
PAYSAGE 30007 14347 -1325
PAYSAGE 30007 8935 -1319
PAYSAGE 30007 9818 -1316
PAYSAGE 30007 10186 -1314
PAYSAGE 30007 8812 -1310
PAYSAGE 30007 14218 -1307
PAYSAGE 30007 9315 -1301
PAYSAGE 30007 9062 -1300
PAYSAGE 30007 13600 -1291
PAYSAGE 30007 13848 -1288
PAYSAGE 30007 14096 -1287
PAYSAGE 30007 12856 -1283
PAYSAGE 30007 13970 -1282
PAYSAGE 30007 6159 -1281
PAYSAGE 30007 6282 -1281
PAYSAGE 30007 13352 -1280
PAYSAGE 30007 13104 -1276
PAYSAGE 30007 13722 -1276
PAYSAGE 30007 12360 -1273
PAYSAGE 30007 13474 -1272
PAYSAGE 30007 12608 -1271
PAYSAGE 30007 13226 -1270
PAYSAGE 30007 12482 -1265
PAYSAGE 30007 11738 -1264
PAYSAGE 30007 10994 -1260
PAYSAGE 30007 12112 -1259
PAYSAGE 30007 12730 -1258
PAYSAGE 30007 11242 -1253
PAYSAGE 30007 12234 -1253
PAYSAGE 30007 12978 -1253
PAYSAGE 30007 10746 -1252
PAYSAGE 30007 6407 -1251
PAYSAGE 30007 11490 -1249
PAYSAGE 30007 10498 -1242
PAYSAGE 30007 11986 -1242
PAYSAGE 30007 11120 -1241
PAYSAGE 30007 11616 -1239
PAYSAGE 30007 10250 -1238
PAYSAGE 30007 8514 -1234
PAYSAGE 30007 10624 -1234
PAYSAGE 30007 11368 -1234
PAYSAGE 30007 10872 -1232
PAYSAGE 30007 6530 -1231
PAYSAGE 30007 10376 -1227
PAYSAGE 30007 10128 -1223
PAYSAGE 30007 11864 -1222
PAYSAGE 30007 8266 -1208
PAYSAGE 30007 7151 -1200
PAYSAGE 30007 7770 -1192
PAYSAGE 30007 8018 -1192
PAYSAGE 30007 7399 -1190
PAYSAGE 30007 6655 -1188
PAYSAGE 30007 6778 -1188
PAYSAGE 30007 6903 -1188
PAYSAGE 30007 7026 -1177
PAYSAGE 30007 7522 -1174
PAYSAGE 30007 7274 -1167
PAYSAGE 30007 7647 -1166
PAYSAGE 30007 8391 -1164
PAYSAGE 30007 8143 -1161
PAYSAGE 30007 7895 -1150
