CARTE_MERE 1
IND_UNIQUE 400 14236 -2157
IND_COMMUN 306 8135 -3388
IND_COMMUN 306 8207 -3388
IND_COMMUN 306 8279 -3388
IND_COMMUN 307 12382 -3321
IND_COMMUN 307 12449 -3321
IND_COMMUN 306 8171 -3316
IND_COMMUN 306 8243 -3316
IND_COMMUN 306 8315 -3316
IND_COMMUN 306 8243 -3244
IND_COMMUN 306 8315 -3244
IND_COMMUN 302 13363 -3229
IND_COMMUN 307 11273 -3196
IND_COMMUN 307 11344 -3196
IND_COMMUN 302 13363 -3177
IND_COMMUN 302 8417 -3139
IND_COMMUN 302 8471 -3139
IND_COMMUN 302 8527 -3139
IND_COMMUN 307 11344 -3126
IND_COMMUN 307 11273 -3125
IND_COMMUN 307 8368 -3003
IND_COMMUN 307 8441 -3003
IND_COMMUN 307 8514 -3003
IND_COMMUN 307 12779 -2961
IND_COMMUN 307 12779 -2895
IND_COMMUN 307 10082 -2847
IND_COMMUN 307 10146 -2847
IND_COMMUN 307 10210 -2847
IND_COMMUN 301 6334 -2837
IND_COMMUN 301 6386 -2837
IND_COMMUN 301 6438 -2837
IND_COMMUN 301 6334 -2785
IND_COMMUN 301 6386 -2785
IND_COMMUN 301 6438 -2785
IND_COMMUN 307 10082 -2783
IND_COMMUN 307 10146 -2783
IND_COMMUN 307 10210 -2783
IND_COMMUN 301 6334 -2733
IND_COMMUN 301 6387 -2733
IND_COMMUN 301 6439 -2733
IND_COMMUN 307 10082 -2719
IND_COMMUN 307 10146 -2719
IND_COMMUN 307 10210 -2719
IND_COMMUN 307 8356 -2687
IND_COMMUN 307 8424 -2687
IND_COMMUN 307 12952 -2687
IND_COMMUN 307 13017 -2687
IND_COMMUN 307 8356 -2619
IND_COMMUN 307 8424 -2619
IND_COMMUN 307 13269 -2582
IND_COMMUN 307 13338 -2582
IND_COMMUN 302 7783 -2495
IND_COMMUN 302 7843 -2495
IND_COMMUN 302 7904 -2495
IND_COMMUN 302 7964 -2495
IND_COMMUN 302 7783 -2436
IND_COMMUN 302 7843 -2436
IND_COMMUN 302 7904 -2436
IND_COMMUN 302 7964 -2436
IND_COMMUN 302 12753 -2433
IND_COMMUN 302 12753 -2381
IND_COMMUN 302 13245 -2336
IND_COMMUN 302 13299 -2336
IND_COMMUN 302 12724 -1857
IND_COMMUN 302 12777 -1857
IND_COMMUN 306 6338 -1808
IND_COMMUN 306 6410 -1808
IND_COMMUN 302 13261 -1766
IND_COMMUN 306 6338 -1736
IND_COMMUN 306 6410 -1736
IND_COMMUN 306 6482 -1736
IND_COMMUN 302 13261 -1711
IND_COMMUN 307 12386 -1692
IND_COMMUN 307 12451 -1692
IND_COMMUN 306 6338 -1664
IND_COMMUN 306 6410 -1664
IND_COMMUN 306 6482 -1664
IND_COMMUN 307 12322 -1627
IND_COMMUN 307 12386 -1627
IND_COMMUN 307 12451 -1627
IND_COMMUN 306 6410 -1592
IND_COMMUN 306 6482 -1592
IND_COMMUN 307 8325 -1592
IND_COMMUN 307 8396 -1592
IND_COMMUN 307 8469 -1592
IND_COMMUN 302 10417 -1592
IND_COMMUN 302 10303 -1591
IND_COMMUN 302 10359 -1591
IND_COMMUN 307 12321 -1562
IND_COMMUN 307 12386 -1562
IND_COMMUN 307 12451 -1562
IND_COMMUN 302 10416 -1536
IND_COMMUN 302 10304 -1535
IND_COMMUN 302 10359 -1535
IND_COMMUN 302 8330 -1483
IND_COMMUN 302 10304 -1479
IND_COMMUN 302 10359 -1479
IND_COMMUN 302 10416 -1479
IND_COMMUN 302 8394 -1453
IND_COMMUN 302 8330 -1429