CARTE_MERE 1
IND_COMMUN 305 2215 -1451
IND_COMMUN 301 2909 -1393
IND_COMMUN 305 2649 -1363
IND_COMMUN 300 2328 -1278
IND_COMMUN 305 2536 -1268
IND_COMMUN 305 3374 -1235
IND_COMMUN 301 2787 -1194
IND_COMMUN 300 2266 -1177
IND_COMMUN 300 2119 -1151
IND_COMMUN 305 1994 -1134
IND_COMMUN 305 1912 -1101
IND_COMMUN 305 3014 -1051
IND_COMMUN 305 2067 -1049
IND_COMMUN 305 1959 -1010
IND_COMMUN 300 3504 -975
IND_COMMUN 300 3384 -958
IND_COMMUN 305 3183 -942
IND_COMMUN 300 2489 -887
IND_COMMUN 305 3047 -874
IND_COMMUN 305 2233 -847
IND_COMMUN 305 1993 -813
IND_COMMUN 300 2512 -791
IND_COMMUN 300 931 -770
IND_COMMUN 305 3448 -763
IND_COMMUN 305 2975 -710
IND_COMMUN 300 1640 -707
IND_COMMUN 305 3196 -686
IND_COMMUN 300 1215 -656
IND_COMMUN 300 1474 -640
IND_COMMUN 305 543 -604
IND_COMMUN 300 796 -552
IND_COMMUN 300 2562 -547
IND_COMMUN 300 1021 -490
IND_COMMUN 300 2931 -486
IND_COMMUN 300 2369 -457
IND_COMMUN 300 2503 -440
IND_COMMUN 300 1695 -374
IND_COMMUN 300 760 -373
IND_COMMUN 300 1199 -349
IND_COMMUN 300 1056 -333
IND_COMMUN 300 1879 -330
IND_COMMUN 300 2146 -310
IND_COMMUN 300 2792 -254
IND_COMMUN 305 1649 -83
IND_COMMUN 300 1859 -73
IND_COMMUN 305 1756 -18
IND_COMMUN 305 1547 4
IND_COMMUN 300 1358 28
IND_COMMUN 305 1123 142
IND_COMMUN 305 1153 266
IND_COMMUN 300 990 485
IND_COMMUN 305 1264 517
IND_COMMUN 300 943 614
IND_COMMUN 300 461 708
IND_COMMUN 300 807 717
IND_COMMUN 300 970 873
IND_COMMUN 300 568 893