CARTE_MERE 1
PAYSAGE 10001 3504 -2014
PAYSAGE 10001 3504 -1966
PAYSAGE 10001 3504 -1918
PAYSAGE 10001 3504 -1870
PAYSAGE 30101 3556 -1859
PAYSAGE 10001 3504 -1822
PAYSAGE 10001 3504 -1774
PAYSAGE 10006 3512 -1726
PAYSAGE 10004 3568 -1726
PAYSAGE 10004 3632 -1726
PAYSAGE 10004 3696 -1726
PAYSAGE 10004 1584 -1582
PAYSAGE 10004 1648 -1582
PAYSAGE 10004 1712 -1582
PAYSAGE 10004 1776 -1582
PAYSAGE 10004 1840 -1582
PAYSAGE 10004 1904 -1582
PAYSAGE 10004 1968 -1582
PAYSAGE 10004 2032 -1582
PAYSAGE 10004 2096 -1582
PAYSAGE 10004 2160 -1582
PAYSAGE 10004 2224 -1582
PAYSAGE 10004 2288 -1582
PAYSAGE 10004 2352 -1582
PAYSAGE 10004 2416 -1582
PAYSAGE 10004 2480 -1582
PAYSAGE 10004 2544 -1582
PAYSAGE 10004 2608 -1582
PAYSAGE 10004 2672 -1582
PAYSAGE 10004 2736 -1582
PAYSAGE 10004 2800 -1582
PAYSAGE 10004 2864 -1582
PAYSAGE 10004 2928 -1582
PAYSAGE 10004 2992 -1582
PAYSAGE 10008 1532 -1578
PAYSAGE 10009 3048 -1578
PAYSAGE 10001 1520 -1534
PAYSAGE 10001 3056 -1534
PAYSAGE 30005 1929 -1492
PAYSAGE 10001 1520 -1486
PAYSAGE 10001 3056 -1486
PAYSAGE 30006 1824 -1451
PAYSAGE 30103 2449 -1443
PAYSAGE 10001 1520 -1438
PAYSAGE 30103 2781 -1438
PAYSAGE 10001 3056 -1438
PAYSAGE 30001 1584 -1420
PAYSAGE 10001 1520 -1390
PAYSAGE 10001 3056 -1390
PAYSAGE 10001 1520 -1342
PAYSAGE 10006 3064 -1342
PAYSAGE 10004 3120 -1342
PAYSAGE 10004 3184 -1342
PAYSAGE 10004 3248 -1342
PAYSAGE 10004 3312 -1342
PAYSAGE 10004 3376 -1342
PAYSAGE 10004 3440 -1342
PAYSAGE 10004 3504 -1342
PAYSAGE 10004 3568 -1342
PAYSAGE 10001 4272 -1342
PAYSAGE 10009 3624 -1338
PAYSAGE 30003 2100 -1302
PAYSAGE 10004 1072 -1294
PAYSAGE 10004 1136 -1294
PAYSAGE 10004 1200 -1294
PAYSAGE 10004 1264 -1294
PAYSAGE 10004 1328 -1294
PAYSAGE 10004 1392 -1294
PAYSAGE 10004 1456 -1294
PAYSAGE 10007 1512 -1294
PAYSAGE 10001 3632 -1294
PAYSAGE 10001 4272 -1294
PAYSAGE 10008 1020 -1290
PAYSAGE 10001 1008 -1246
PAYSAGE 10001 3632 -1246
PAYSAGE 10001 4272 -1246
PAYSAGE 30004 3278 -1243
PAYSAGE 30101 1278 -1234
PAYSAGE 10001 1008 -1198
PAYSAGE 10001 3632 -1198
PAYSAGE 10001 4272 -1198
PAYSAGE 30101 1153 -1195
PAYSAGE 30103 3064 -1192
PAYSAGE 10001 1008 -1150
PAYSAGE 10001 3632 -1150
PAYSAGE 10001 4272 -1150
PAYSAGE 30106 2665 -1133
PAYSAGE 30004 3518 -1124
PAYSAGE 10001 1008 -1102
PAYSAGE 30004 1711 -1102
PAYSAGE 10001 3632 -1102
PAYSAGE 10001 4272 -1102
PAYSAGE 30103 2511 -1097
PAYSAGE 30102 1226 -1094
PAYSAGE 30106 2604 -1092
PAYSAGE 30002 2930 -1077
PAYSAGE 30101 1089 -1063
PAYSAGE 10001 1008 -1054
PAYSAGE 10001 3632 -1054
PAYSAGE 10001 4272 -1054
PAYSAGE 30006 2306 -1011
PAYSAGE 10001 1008 -1006
PAYSAGE 10001 3632 -1006
PAYSAGE 10001 4272 -1006
PAYSAGE 30001 1367 -959
PAYSAGE 10001 1008 -958
PAYSAGE 10006 3640 -958
PAYSAGE 10004 3696 -958
PAYSAGE 10004 3760 -958
PAYSAGE 10004 3824 -958
PAYSAGE 10004 3888 -958
PAYSAGE 10004 3952 -958
PAYSAGE 10004 4016 -958
PAYSAGE 10004 4080 -958
PAYSAGE 10004 4144 -958
PAYSAGE 10004 4208 -958
PAYSAGE 10007 4264 -958
PAYSAGE 30105 4350 -950
PAYSAGE 30105 4420 -950
PAYSAGE 30105 4490 -950
PAYSAGE 30001 2588 -911
PAYSAGE 10004 -336 -910
PAYSAGE 10004 -272 -910
PAYSAGE 10004 -208 -910
PAYSAGE 10004 -144 -910
PAYSAGE 10004 -80 -910
PAYSAGE 10004 -16 -910
PAYSAGE 10004 48 -910
PAYSAGE 10004 112 -910
PAYSAGE 10004 176 -910
PAYSAGE 10004 240 -910
PAYSAGE 10004 304 -910
PAYSAGE 10004 368 -910
PAYSAGE 10004 432 -910
PAYSAGE 10004 496 -910
PAYSAGE 10004 560 -910
PAYSAGE 10004 624 -910
PAYSAGE 10004 688 -910
PAYSAGE 10004 752 -910
PAYSAGE 10004 816 -910
PAYSAGE 10004 880 -910
PAYSAGE 10004 944 -910
PAYSAGE 10007 1000 -910
PAYSAGE 10008 -388 -906
PAYSAGE 30004 1625 -897
PAYSAGE 30101 2104 -878
PAYSAGE 30002 2778 -874
PAYSAGE 10001 -400 -862
PAYSAGE 10001 -400 -814
PAYSAGE 10004 3696 -814
PAYSAGE 10004 3760 -814
PAYSAGE 10004 3824 -814
PAYSAGE 10004 3888 -814
PAYSAGE 10004 3952 -814
PAYSAGE 10004 4016 -814
PAYSAGE 10004 4080 -814
PAYSAGE 10004 4144 -814
PAYSAGE 10004 4208 -814
PAYSAGE 10004 4272 -814
PAYSAGE 10004 4336 -814
PAYSAGE 10004 4400 -814
PAYSAGE 10004 4464 -814
PAYSAGE 10004 4528 -814
PAYSAGE 10008 3644 -810
PAYSAGE 30101 1831 -799
PAYSAGE 30001 -251 -767
PAYSAGE 10001 -400 -766
PAYSAGE 30101 1322 -766
PAYSAGE 10001 3632 -766
PAYSAGE 30004 772 -758
PAYSAGE 30004 2159 -747
PAYSAGE 30101 2866 -747
PAYSAGE 30006 465 -734
PAYSAGE 10001 -400 -718
PAYSAGE 10001 3632 -718
PAYSAGE 30102 2295 -711
PAYSAGE 30001 1060 -706
PAYSAGE 30107 392 -701
PAYSAGE 30102 3545 -677
PAYSAGE 10001 -400 -670
PAYSAGE 10001 3632 -670
PAYSAGE 30004 2596 -660
PAYSAGE 30004 -23 -652
PAYSAGE 30003 1762 -637
PAYSAGE 30004 2420 -634
PAYSAGE 10001 -400 -622
PAYSAGE 10001 3632 -622
PAYSAGE 30102 1895 -583
PAYSAGE 30003 2831 -580
PAYSAGE 10001 -400 -574
PAYSAGE 10001 3632 -574
PAYSAGE 30106 1708 -540
PAYSAGE 30102 3453 -538
PAYSAGE 10001 -400 -526
PAYSAGE 10001 3632 -526
PAYSAGE 30106 1671 -514
PAYSAGE 30106 1628 -499
PAYSAGE 30101 2211 -492
PAYSAGE 30004 2021 -485
PAYSAGE 10001 -400 -478
PAYSAGE 10001 3632 -478
PAYSAGE 30005 549 -435
PAYSAGE 10001 -400 -430
PAYSAGE 10004 2992 -430
PAYSAGE 10004 3056 -430
PAYSAGE 10004 3120 -430
PAYSAGE 10004 3184 -430
PAYSAGE 10004 3248 -430
PAYSAGE 10004 3312 -430
PAYSAGE 10004 3376 -430
PAYSAGE 10004 3440 -430
PAYSAGE 10004 3504 -430
PAYSAGE 10004 3568 -430
PAYSAGE 10007 3624 -430
PAYSAGE 30006 1298 -429
PAYSAGE 30005 1371 -429
PAYSAGE 10008 2940 -426
PAYSAGE 30004 1080 -406
PAYSAGE 30001 19 -389
PAYSAGE 10001 -400 -382
PAYSAGE 10001 2928 -382
PAYSAGE 30102 2693 -359
PAYSAGE 30002 920 -358
PAYSAGE 10002 -400 -334
PAYSAGE 10001 2928 -334
PAYSAGE 30101 1507 -331
PAYSAGE 10104 -408 -318
PAYSAGE 10104 -280 -318
PAYSAGE 10104 -152 -318
PAYSAGE 10104 -24 -318
PAYSAGE 10104 104 -318
PAYSAGE 10104 232 -318
PAYSAGE 10109 337 -314
PAYSAGE 10108 -508 -313
PAYSAGE 30101 1564 -313
PAYSAGE 10001 2928 -286
PAYSAGE 30004 999 -263
PAYSAGE 30102 2305 -240
PAYSAGE 10001 2928 -238
PAYSAGE 10101 -536 -234
PAYSAGE 10101 360 -234
PAYSAGE 30004 230 -218
COFFRE -232 -202
RAY_COL 15
PAYSAGE 21001
NOM 611
NOMBRE_OBJETS 1
OBJET
TYPE_ALEATOIRE gladius 6
TYPE_ALEATOIRE shield 6
FIN_OBJET
NOMBRE_OBJETS 1
OBJET
TYPE_ALEATOIRE greathelm 6
TYPE_ALEATOIRE cuirass 6
TYPE_ALEATOIRE sabaton 6
TYPE_ALEATOIRE diamondring 6
FIN_OBJET
FIN_COFFRE
PAYSAGE 30106 1890 -197
PAYSAGE 30107 1487 -196
PAYSAGE 20001 -354 -191
PAYSAGE 10001 2928 -190
PAYSAGE 30005 14 -188
PAYSAGE 30107 1429 -163
PAYSAGE 10004 2096 -142
PAYSAGE 10004 2160 -142
PAYSAGE 10004 2224 -142
PAYSAGE 10004 2288 -142
PAYSAGE 10004 2352 -142
PAYSAGE 10004 2416 -142
PAYSAGE 10004 2480 -142
PAYSAGE 10004 2544 -142
PAYSAGE 10004 2608 -142
PAYSAGE 10004 2672 -142
PAYSAGE 10004 2736 -142
PAYSAGE 10004 2800 -142
PAYSAGE 10004 2864 -142
PAYSAGE 10007 2920 -142
PAYSAGE 10101 360 -138
PAYSAGE 30004 610 -138
PAYSAGE 10008 2044 -138
PAYSAGE 10107 -558 -124
PAYSAGE 30101 910 -124
LANCEUR 50 237 -122
PAYSAGE 10108 -636 -121
PAYSAGE 10001 2032 -94
PAYSAGE 30004 -481 -88
PAYSAGE 30001 1226 -77
PAYSAGE 10102 360 -75
PAYSAGE 30004 -536 -63
PAYSAGE 10001 2032 -46
PAYSAGE 10101 -664 -42
PAYSAGE 30004 -577 -15
PAYSAGE 10001 2032 2
PAYSAGE 30104 -390 13
PAYSAGE 30102 950 29
PAYSAGE 30106 -229 45
PAYSAGE 10001 2032 50
PAYSAGE_MOUVANT 1 -161 53
PAYSAGE 10101 -664 54
PAYSAGE 30103 1664 55
PAYSAGE 30106 -261 64
PAYSAGE 10100 360 76
PAYSAGE 30106 -222 82
PAYSAGE 10001 2032 98
PAYSAGE 30107 -184 104
PAYSAGE 30004 -275 114
LANCEUR 50 238 122
PAYSAGE 30004 -247 143
PAYSAGE 10001 2032 146
PAYSAGE 10101 -664 150
PAYSAGE 10101 360 150
PAYSAGE 30004 -212 166
PAYSAGE 30103 -399 167
PAYSAGE 30101 -544 171
PAYSAGE 30101 521 175
PAYSAGE 30102 1914 176
PAYSAGE 30004 -167 179
PAYSAGE 30004 4 193
PAYSAGE 10001 2032 194
PAYSAGE 30003 1275 215
PAYSAGE 30101 1612 233
PAYSAGE 10001 2032 242
PAYSAGE 10101 -664 246
PAYSAGE 10101 360 246
LANCEUR 50 237 251
PAYSAGE 30102 702 262
PAYSAGE 10004 1776 290
PAYSAGE 10004 1840 290
PAYSAGE 10004 1904 290
PAYSAGE 10004 1968 290
PAYSAGE 10007 2024 290
PAYSAGE 10008 1724 294
PAYSAGE 30005 896 305
PAYSAGE 30105 -378 331
PAYSAGE 10001 1712 338
PAYSAGE 30105 -345 352
PAYSAGE 10107 338 356
PAYSAGE 10106 -636 357
PAYSAGE 10109 -559 358
PAYSAGE 10108 260 359
COFFRE 29 376
RAY_COL 15
PAYSAGE 21001
NOM 611
OBJET
TYPE healpotion 5
FIN_OBJET
FIN_COFFRE
PAYSAGE 10001 1712 386
PAYSAGE 30101 1467 404
PAYSAGE 30102 294 415
PAYSAGE 30101 363 426
PAYSAGE 10001 1712 434
PAYSAGE 10101 -536 438
PAYSAGE 10101 232 438
PAYSAGE 30102 -208 448
PAYSAGE 10001 1712 482
LANCEUR 50 104 484
PAYSAGE 30101 317 484
PAYSAGE 30001 496 530
PAYSAGE 10001 1712 530
PAYSAGE 10101 -536 534
PAYSAGE 10101 232 534
PAYSAGE 30101 -345 537
PAYSAGE 10001 1712 578
PAYSAGE 30006 -104 585
PAYSAGE 30006 -39 585
PAYSAGE 10004 1200 626
PAYSAGE 10004 1264 626
PAYSAGE 10004 1328 626
PAYSAGE 10004 1392 626
PAYSAGE 10004 1456 626
PAYSAGE 10004 1520 626
PAYSAGE 10004 1584 626
PAYSAGE 10004 1648 626
PAYSAGE 10007 1704 626
PAYSAGE 10101 -536 630
PAYSAGE 10101 232 630
PAYSAGE 10008 1148 630
LANCEUR 50 104 643
PAYSAGE 10001 1136 674
PAYSAGE 30004 -289 680
PAYSAGE 10001 1136 722
PAYSAGE 10101 -536 726
PAYSAGE 10101 232 726
PAYSAGE 30102 673 760
PAYSAGE 10001 1136 770
PAYSAGE 10001 1136 818
PAYSAGE 30003 358 830
PAYSAGE 10104 -408 834
PAYSAGE 10104 -280 834
PAYSAGE 10104 -152 834
PAYSAGE 10104 -24 834
PAYSAGE 10104 104 834
PAYSAGE 10107 210 836
PAYSAGE 10106 -508 837
PAYSAGE 10001 1136 866
PAYSAGE 10000 48 874
PAYSAGE 10001 48 914
PAYSAGE 10001 1136 914
PAYSAGE 10001 48 962
PAYSAGE 10001 1136 962
PAYSAGE 10006 56 1010
PAYSAGE 10004 112 1010
PAYSAGE 10004 176 1010
PAYSAGE 10004 240 1010
PAYSAGE 10004 304 1010
PAYSAGE 10004 368 1010
PAYSAGE 10004 432 1010
PAYSAGE 10004 496 1010
PAYSAGE 10004 560 1010
PAYSAGE 10004 624 1010
PAYSAGE 10004 688 1010
PAYSAGE 10004 752 1010
PAYSAGE 10004 816 1010
PAYSAGE 10004 880 1010
PAYSAGE 10004 944 1010
PAYSAGE 10004 1008 1010
PAYSAGE 10004 1072 1010
PAYSAGE 10007 1128 1010