CARTE_MERE 1
PAYSAGE 10104 351 -5918
PAYSAGE 10104 479 -5918
PAYSAGE 10104 607 -5918
PAYSAGE 10104 735 -5918
PAYSAGE 10104 863 -5918
PAYSAGE 10108 251 -5916
PAYSAGE 10109 968 -5914
PAYSAGE 10101 223 -5837
PAYSAGE 10101 991 -5834
PAYSAGE 10101 223 -5741
PAYSAGE 10101 991 -5738
PAYSAGE 10101 223 -5645
PAYSAGE 10101 991 -5642
PAYSAGE 10104 351 -5535
PAYSAGE 10104 479 -5535
PAYSAGE 10103 559 -5535
PAYSAGE 10106 251 -5534
PAYSAGE 10105 655 -5533
PAYSAGE 10104 735 -5533
PAYSAGE 10104 863 -5533
PAYSAGE 10107 969 -5532
PAYSAGE 10104 1751 -4732
PAYSAGE 10104 1879 -4732
PAYSAGE 10104 2007 -4732
PAYSAGE 10104 2135 -4732
PAYSAGE 10104 2263 -4732
PAYSAGE 10104 2391 -4732
PAYSAGE 10104 2519 -4732
PAYSAGE 10109 2624 -4728
PAYSAGE 10108 1651 -4727
PAYSAGE 10101 1623 -4648
PAYSAGE 10101 2647 -4648
PAYSAGE 10101 1623 -4552
PAYSAGE 10101 2647 -4552
PAYSAGE 10101 1623 -4456
PAYSAGE 10101 2647 -4456
PAYSAGE 10102 2647 -4393
PAYSAGE 10101 1623 -4360
PAYSAGE 10101 1623 -4264
PAYSAGE 10100 2647 -4242
PAYSAGE 10101 1623 -4168
PAYSAGE 10101 2647 -4168
PAYSAGE 10101 1623 -4072
PAYSAGE 10101 2647 -4072
PAYSAGE 10101 1623 -3976
PAYSAGE 10101 2647 -3976
PAYSAGE 10104 1751 -3868
PAYSAGE 10104 1879 -3868
PAYSAGE 10104 2007 -3868
PAYSAGE 10104 2135 -3868
PAYSAGE 10104 2263 -3868
PAYSAGE 10104 2391 -3868
PAYSAGE 10104 2519 -3868
PAYSAGE 10107 2625 -3866
PAYSAGE 10106 1651 -3865
