CARTE_MERE 1
IND_COMMUN 310 3458 -3202
IND_COMMUN 310 2340 -3076
IND_COMMUN 310 3688 -3035
IND_COMMUN 301 2350 -2844
IND_COMMUN 310 2578 -2814
IND_COMMUN 310 3277 -2801
IND_COMMUN 310 3891 -2793
IND_COMMUN 310 2839 -2717
IND_COMMUN 301 3184 -2703
IND_COMMUN 301 3114 -2674
IND_COMMUN 301 3177 -2618
IND_COMMUN 310 3983 -2588
IND_COMMUN 300 3328 -2561
IND_COMMUN 310 3794 -2546
IND_COMMUN 300 3521 -2445
IND_COMMUN 300 3357 -2374
IND_COMMUN 301 4258 -2364
IND_COMMUN 301 4137 -2345
IND_COMMUN 310 3571 -2300
IND_COMMUN 301 4975 -2279
IND_COMMUN 310 3994 -2217
IND_COMMUN 310 3404 -2185
IND_COMMUN 301 5151 -2160
IND_COMMUN 301 5149 -1983
IND_COMMUN 310 4379 -1801
IND_COMMUN 300 5121 -1756
IND_COMMUN 310 5104 -1640
IND_COMMUN 300 4367 -1578
IND_COMMUN 310 4933 -1577
IND_COMMUN 310 5072 -1574
IND_COMMUN 301 4850 -1379
IND_COMMUN 300 4354 -1373
IND_COMMUN 301 5087 -1246
IND_COMMUN 300 4846 -1216
IND_COMMUN 300 4370 -1065