CARTE_MERE 1
IND_COMMUN 315 1023 -5983
IND_COMMUN 315 1386 -5974
IND_COMMUN 315 1127 -5965
IND_COMMUN 315 1275 -5960
IND_COMMUN 315 1381 -5905
IND_COMMUN 315 1278 -5903
IND_COMMUN 315 1157 -5901
IND_COMMUN 315 1064 -5884
IND_COMMUN 311 337 -5833
IND_COMMUN 308 508 -5830
IND_COMMUN 307 660 -5827
IND_COMMUN 307 859 -5818
IND_COMMUN 307 778 -5718
IND_COMMUN 307 606 -5717
IND_COMMUN 306 363 -5690
IND_COMMUN 307 870 -5676
IND_COMMUN 306 736 -5628
IND_COMMUN 311 440 -5616
IND_COMMUN 311 566 -5589
IND_COMMUN 311 1131 -5543
IND_COMMUN 311 1214 -5512
IND_COMMUN 311 1339 -5511
IND_COMMUN 302 536 -5453
IND_COMMUN 302 395 -5422
IND_COMMUN 302 460 -5413
IND_COMMUN 301 1525 -5400
IND_COMMUN 307 848 -5393
IND_COMMUN 301 1081 -5383
IND_COMMUN 307 629 -5378
IND_COMMUN 302 529 -5376
IND_COMMUN 301 1254 -5359
IND_COMMUN 301 1556 -5312
IND_COMMUN 301 1414 -5305
IND_COMMUN 301 1167 -5301