CARTE_MERE 1
SANS_COLLISION
LISTE_IMMUABLE
PAYSAGE 30007 1562 -6387
PAYSAGE 30007 1244 -6369
PAYSAGE 30007 959 -6358
PAYSAGE 30007 758 -6356
PAYSAGE 30007 569 -6355
PAYSAGE 30007 1722 -6346
PAYSAGE 30007 2420 -6333
PAYSAGE 30007 339 -6324
PAYSAGE 30007 2009 -6311
PAYSAGE 30007 2172 -6299
PAYSAGE 30007 58 -6280
PAYSAGE 30007 -211 -6271
PAYSAGE 30007 -58 -6271
PAYSAGE 30007 1475 -6269
PAYSAGE 30007 2578 -6263
PAYSAGE 30007 1326 -6262
PAYSAGE 30007 222 -6255
PAYSAGE 30007 1154 -6247
PAYSAGE 30007 844 -6246
PAYSAGE 30007 1020 -6246
PAYSAGE 30007 1626 -6245
PAYSAGE 30007 2290 -6241
PAYSAGE 30007 456 -6239
PAYSAGE 30007 665 -6238
PAYSAGE 30007 1794 -6237
PAYSAGE 30007 2078 -6184
PAYSAGE 30007 2462 -6179
PAYSAGE 30007 1925 -6169
PAYSAGE 30007 2191 -6129
PAYSAGE 30007 301 -6108
PAYSAGE 30007 1478 -6102
PAYSAGE 30007 970 -6097
PAYSAGE 30007 1347 -6097
PAYSAGE 30007 1604 -6097
PAYSAGE 30007 31 -6096
PAYSAGE 30007 549 -6096
PAYSAGE 30007 831 -6096
PAYSAGE 30007 1225 -6096
PAYSAGE 30007 1089 -6095
PAYSAGE 30007 1717 -6095
PAYSAGE 30007 169 -6094
PAYSAGE 30007 695 -6093
PAYSAGE 30007 -108 -6091
PAYSAGE 30007 -247 -6089
PAYSAGE 30007 2354 -6089
PAYSAGE 30007 412 -6088
PAYSAGE 30007 1825 -6067
PAYSAGE 30007 2011 -6025
PAYSAGE 30007 2135 -5969
PAYSAGE 30007 2266 -5958
PAYSAGE 30007 1901 -5944
PAYSAGE 30007 2026 -5847
PAYSAGE 30007 1906 -5809
PAYSAGE 30007 2168 -5801
PAYSAGE 30003 -63 -5707
PAYSAGE 30007 1915 -5669
PAYSAGE 30007 2030 -5664
PAYSAGE 30007 2165 -5659
PAYSAGE 30006 1913 -5511
PAYSAGE 30004 2071 -5510
PAYSAGE 30005 2176 -5464
PAYSAGE 30003 -108 -5272
PAYSAGE 30002 1719 -5131
PAYSAGE 30005 2060 -5124
PAYSAGE 30001 1275 -5104
PAYSAGE 30002 64 -5103
PAYSAGE 30006 2189 -5023
PAYSAGE 30003 1535 -4991
PAYSAGE 30005 -37 -4863
PAYSAGE 30003 1727 -4839
PAYSAGE 30006 2193 -4832
PAYSAGE 30005 -15 -4790
PAYSAGE 30003 1361 -4672
PAYSAGE 30001 1 -4611
PAYSAGE 30002 1109 -4610
PAYSAGE 30006 906 -4537
PAYSAGE 30006 929 -4480
PAYSAGE 30002 1412 -4467
PAYSAGE 30003 -100 -4393
PAYSAGE 30002 -44 -4370
PAYSAGE 30003 1023 -4343
PAYSAGE 30002 1517 -4178
PAYSAGE 30003 -10 -4137
PAYSAGE 30002 1018 -4102
PAYSAGE 30007 6014 -4098
PAYSAGE 30007 6315 -4082
PAYSAGE 30007 6164 -4073
PAYSAGE 30007 5839 -4065
PAYSAGE 30007 6427 -4012
PAYSAGE 30007 5663 -3970
PAYSAGE 30007 5960 -3970
PAYSAGE 30004 41 -3960
PAYSAGE 30007 6094 -3925
PAYSAGE 30004 -15 -3917
PAYSAGE 30007 6266 -3907
PAYSAGE 30001 907 -3905
PAYSAGE 30007 5804 -3898
PAYSAGE 30007 11840 -3893
PAYSAGE 30002 1381 -3892
PAYSAGE 30007 6433 -3881
PAYSAGE 30007 11716 -3862
PAYSAGE 30004 -55 -3861
PAYSAGE 30007 12872 -3858
PAYSAGE 30007 11078 -3856
PAYSAGE 30007 10934 -3855
PAYSAGE 30007 12999 -3851
PAYSAGE 30007 13570 -3851
PAYSAGE 30007 10004 -3850
PAYSAGE 30007 11377 -3846
PAYSAGE 30007 11559 -3846
PAYSAGE 30007 13440 -3844
PAYSAGE 30007 11210 -3843
PAYSAGE 30007 12079 -3843
PAYSAGE 30007 13294 -3843
PAYSAGE 30007 10801 -3842
PAYSAGE 30007 10141 -3840
PAYSAGE 30007 10470 -3840
PAYSAGE 30007 9881 -3839
PAYSAGE 30007 8943 -3838
PAYSAGE 30007 13143 -3838
PAYSAGE 30007 10282 -3837
PAYSAGE 30007 8492 -3836
PAYSAGE 30007 13694 -3836
PAYSAGE 30007 8828 -3835
PAYSAGE 30007 10640 -3833
PAYSAGE 30007 12729 -3831
PAYSAGE 30007 9097 -3829
PAYSAGE 30007 11943 -3829
PAYSAGE 30007 12254 -3829
PAYSAGE 30007 6601 -3826
PAYSAGE 30007 12593 -3826
PAYSAGE 30007 13881 -3826
PAYSAGE 30007 13988 -3824
PAYSAGE 30007 9240 -3823
PAYSAGE 30007 12443 -3823
PAYSAGE 30007 5909 -3816
PAYSAGE 30007 9716 -3816
PAYSAGE 30007 9391 -3815
PAYSAGE 30007 8644 -3813
PAYSAGE 30007 5685 -3811
PAYSAGE 30007 8351 -3810
PAYSAGE 30007 14093 -3809
PAYSAGE 30007 6861 -3803
PAYSAGE 30007 6717 -3802
PAYSAGE 30007 9526 -3802
PAYSAGE 30007 6996 -3790
PAYSAGE 30007 13798 -3787
PAYSAGE 30007 7150 -3786
PAYSAGE 30007 8162 -3782
PAYSAGE 30007 7836 -3778
PAYSAGE 30007 14201 -3778
PAYSAGE 30007 6019 -3775
PAYSAGE 30007 7629 -3772
PAYSAGE 30007 6182 -3763
PAYSAGE 30007 7452 -3757
PAYSAGE 30007 7292 -3755
PAYSAGE 30007 8004 -3754
PAYSAGE 30007 14306 -3750
PAYSAGE 30007 14401 -3745
PAYSAGE 30002 1191 -3739
PAYSAGE 30007 6486 -3729
PAYSAGE 30007 10916 -3723
PAYSAGE 30007 6329 -3722
PAYSAGE 30007 10603 -3720
PAYSAGE 30007 5807 -3719
PAYSAGE 30001 1577 -3718
PAYSAGE 30007 11811 -3716
PAYSAGE 30007 10452 -3710
PAYSAGE 30007 11664 -3709
PAYSAGE 30007 14538 -3708
PAYSAGE 30007 8735 -3705
PAYSAGE 30007 9810 -3703
PAYSAGE 30007 12068 -3702
PAYSAGE 30007 12905 -3702
PAYSAGE 30007 13019 -3702
PAYSAGE 30007 8264 -3701
PAYSAGE 30007 8568 -3701
PAYSAGE 30007 10763 -3701
PAYSAGE 30007 11066 -3699
PAYSAGE 30007 10212 -3698
PAYSAGE 30007 10065 -3696
PAYSAGE 30007 11500 -3695
PAYSAGE 30007 8422 -3694
PAYSAGE 30007 12754 -3694
PAYSAGE 30007 12312 -3693
PAYSAGE 30007 9916 -3692
PAYSAGE 30007 12213 -3691
PAYSAGE 30007 11951 -3690
PAYSAGE 30007 12480 -3687
PAYSAGE 30007 9326 -3686
PAYSAGE 30007 13584 -3686
PAYSAGE 30007 13423 -3685
PAYSAGE 30007 8892 -3684
PAYSAGE 30007 13146 -3683
PAYSAGE 30007 13288 -3683
PAYSAGE 30007 12644 -3682
PAYSAGE 30007 9171 -3681
PAYSAGE 30007 9635 -3680
PAYSAGE 30007 5700 -3679
PAYSAGE 30007 10331 -3676
PAYSAGE 30007 11217 -3676
PAYSAGE 30007 11352 -3674
PAYSAGE 30007 9036 -3671
PAYSAGE 30007 7597 -3667
PAYSAGE 30007 8103 -3666
PAYSAGE 30007 7379 -3663
PAYSAGE 30007 14055 -3663
PAYSAGE 30007 7220 -3661
PAYSAGE 30007 13902 -3661
PAYSAGE 30007 13736 -3660
PAYSAGE 30007 7844 -3656
PAYSAGE 30007 9481 -3656
PAYSAGE 30007 7702 -3655
PAYSAGE 30007 6937 -3654
PAYSAGE 30007 7074 -3654
PAYSAGE 30007 6778 -3652
PAYSAGE 30002 903 -3650
PAYSAGE 30007 6615 -3646
PAYSAGE 30007 5933 -3634
PAYSAGE 30007 7475 -3628
PAYSAGE 30007 14189 -3626
PAYSAGE 30001 1840 -3623
PAYSAGE 30007 7961 -3623
PAYSAGE 30007 6263 -3614
PAYSAGE 30007 6089 -3610
PAYSAGE 30007 14348 -3585
PAYSAGE 30007 6381 -3569
PAYSAGE 30007 6463 -3569
PAYSAGE 30007 14494 -3558
PAYSAGE 30007 -71 -3537
PAYSAGE 30007 5783 -3537
PAYSAGE 30007 14618 -3529
PAYSAGE 30003 1382 -3521
PAYSAGE 30007 5642 -3517
PAYSAGE 30007 -341 -3504
PAYSAGE 30007 5969 -3496
PAYSAGE 30001 3117 -3482
PAYSAGE 30001 954 -3471
PAYSAGE 30007 -187 -3469
PAYSAGE 30007 6162 -3467
PAYSAGE 30007 51 -3460
PAYSAGE 30007 6314 -3454
PAYSAGE 30007 5492 -3447
PAYSAGE 30007 4155 -3446
PAYSAGE 30007 5172 -3446
PAYSAGE 30007 5003 -3445
PAYSAGE 30007 4270 -3442
PAYSAGE 30007 5336 -3442
PAYSAGE 30004 2367 -3441
PAYSAGE 30007 4405 -3438
PAYSAGE 30002 3941 -3430
PAYSAGE 30001 1996 -3415
PAYSAGE 30002 3703 -3390
PAYSAGE 30007 14485 -3390
PAYSAGE 30007 -66 -3381
PAYSAGE 30001 3005 -3379
PAYSAGE 30007 5897 -3377
PAYSAGE 30007 -320 -3372
PAYSAGE 30004 2284 -3372
PAYSAGE 30007 14615 -3372
PAYSAGE 30007 5620 -3370
PAYSAGE 30101 2651 -3365
PAYSAGE 30101 2837 -3363
PAYSAGE 30007 6070 -3357
PAYSAGE 30102 2707 -3354
PAYSAGE 30001 3502 -3353
PAYSAGE 30007 4164 -3353
PAYSAGE 30102 2551 -3352
PAYSAGE 30007 4959 -3352
PAYSAGE 30007 5117 -3349
PAYSAGE 30101 2756 -3346
PAYSAGE 30007 5759 -3339
PAYSAGE 30007 5273 -3325
PAYSAGE 30007 5453 -3319
PAYSAGE 30007 6227 -3311
PAYSAGE 30007 -206 -3301
PAYSAGE 30007 4293 -3292
PAYSAGE 30007 4406 -3286
PAYSAGE 30002 1344 -3284
PAYSAGE 30007 37 -3276
PAYSAGE 30007 14710 -3252
PAYSAGE 30002 1620 -3241
PAYSAGE 30007 14475 -3237
PAYSAGE 30007 14598 -3234
PAYSAGE 30007 4965 -3214
PAYSAGE 30007 -87 -3211
PAYSAGE 30007 5815 -3211
PAYSAGE 30007 5619 -3210
PAYSAGE 30007 5977 -3204
PAYSAGE 30003 863 -3201
PAYSAGE 30007 4207 -3199
PAYSAGE 30007 5123 -3198
PAYSAGE 30007 -308 -3195
PAYSAGE 30007 5313 -3194
PAYSAGE 30007 6134 -3187
PAYSAGE 30007 5515 -3186
PAYSAGE 30007 6315 -3183
PAYSAGE 30003 1519 -3146
PAYSAGE 30007 4410 -3146
PAYSAGE 30007 4288 -3135
PAYSAGE 30007 14708 -3106
PAYSAGE 30007 45 -3101
PAYSAGE 30007 -212 -3097
PAYSAGE 30007 14464 -3077
PAYSAGE 30007 14587 -3071
PAYSAGE 30003 2051 -3067
PAYSAGE 30007 -95 -3048
PAYSAGE 30007 4241 -3042
PAYSAGE 30007 4399 -3009
PAYSAGE 30007 -275 -2972
PAYSAGE 30007 14632 -2954
PAYSAGE 30001 1591 -2949
PAYSAGE 30007 14484 -2947
PAYSAGE 30007 -155 -2942
PAYSAGE 30007 4243 -2938
PAYSAGE 30002 2107 -2935
PAYSAGE 30007 37 -2928
PAYSAGE 30007 -347 -2880
PAYSAGE 30007 4367 -2875
PAYSAGE 30003 2142 -2836
PAYSAGE 30007 14672 -2825
PAYSAGE 30007 14554 -2809
PAYSAGE 30007 37 -2807
PAYSAGE 30003 1479 -2807
PAYSAGE 30007 -224 -2801
PAYSAGE 30007 -109 -2781
PAYSAGE 30007 -413 -2771
PAYSAGE 30007 4220 -2768
PAYSAGE 30007 4346 -2748
PAYSAGE 30003 2036 -2704
PAYSAGE 30007 14527 -2701
PAYSAGE 30007 -297 -2698
PAYSAGE 30001 1619 -2693
PAYSAGE 30007 52 -2692
PAYSAGE 30007 4518 -2689
PAYSAGE 30007 14670 -2679
PAYSAGE 30007 -133 -2644
PAYSAGE 30007 -425 -2636
PAYSAGE 30007 4375 -2623
PAYSAGE 30007 4209 -2613
PAYSAGE 30001 2106 -2596
PAYSAGE 30007 6044 -2577
PAYSAGE 30007 -296 -2564
PAYSAGE 30007 14558 -2559
PAYSAGE 30007 14688 -2554
PAYSAGE 30007 48 -2545
PAYSAGE 30007 -94 -2539
PAYSAGE 30006 1866 -2537
PAYSAGE 30003 1677 -2506
PAYSAGE 30007 -465 -2476
PAYSAGE 30007 5428 -2444
PAYSAGE 30007 6039 -2439
PAYSAGE 30007 5758 -2436
PAYSAGE 30007 -199 -2433
PAYSAGE 30007 5548 -2431
PAYSAGE 30007 14574 -2430
PAYSAGE 30007 14710 -2416
PAYSAGE 30007 -337 -2414
PAYSAGE 30007 5345 -2400
PAYSAGE 30007 5939 -2390
PAYSAGE 30007 5635 -2339
PAYSAGE 30007 14572 -2289
PAYSAGE 30007 -204 -2285
PAYSAGE 30007 5409 -2282
PAYSAGE 30007 -450 -2272
PAYSAGE 30007 5705 -2270
PAYSAGE 30007 5521 -2258
PAYSAGE 30007 5889 -2253
PAYSAGE 30007 -328 -2246
PAYSAGE 30007 6033 -2241
PAYSAGE 30007 14709 -2232
PAYSAGE 30007 14558 -2175
PAYSAGE 30007 5349 -2155
PAYSAGE 30007 -476 -2149
PAYSAGE 30007 -197 -2149
PAYSAGE 30007 -318 -2142
PAYSAGE 30007 5507 -2125
PAYSAGE 30007 5664 -2115
PAYSAGE 30007 6001 -2114
PAYSAGE 30007 5835 -2113
PAYSAGE 30007 14720 -2101
PAYSAGE 30102 1790 -2049
PAYSAGE 30103 1662 -2037
PAYSAGE 30102 1759 -2033
PAYSAGE 30007 -331 -2022
PAYSAGE 30007 -491 -2020
PAYSAGE 30007 14600 -2017
PAYSAGE 30007 -190 -2006
PAYSAGE 30007 5694 -1997
PAYSAGE 30001 1206 -1995
PAYSAGE 30007 5363 -1995
PAYSAGE 30002 2098 -1989
PAYSAGE 30007 5522 -1979
PAYSAGE 30007 5849 -1968
PAYSAGE 30002 3366 -1960
PAYSAGE 30001 2263 -1952
PAYSAGE 30007 6011 -1948
PAYSAGE 30007 14714 -1928
PAYSAGE 30001 3049 -1919
PAYSAGE 30003 3225 -1910
PAYSAGE 30007 997 -1905
PAYSAGE 30007 388 -1904
PAYSAGE 30007 66 -1902
PAYSAGE 30007 712 -1901
PAYSAGE 30007 561 -1899
PAYSAGE 30007 866 -1897
PAYSAGE 30001 2729 -1897
PAYSAGE 30007 226 -1893
PAYSAGE 30007 14562 -1890
PAYSAGE 30007 5637 -1886
PAYSAGE 30007 -197 -1885
PAYSAGE 30007 -342 -1882
PAYSAGE 30007 -491 -1881
PAYSAGE 30007 5475 -1881
PAYSAGE 30105 1336 -1876
PAYSAGE 30007 -61 -1872
PAYSAGE 30007 5732 -1832
PAYSAGE 30006 1620 -1826
PAYSAGE 30007 5370 -1809
PAYSAGE 30007 5883 -1807
PAYSAGE 30007 6007 -1800
PAYSAGE 30007 14717 -1772
PAYSAGE 30002 3365 -1766
PAYSAGE 30007 -77 -1758
PAYSAGE 30007 93 -1755
PAYSAGE 30007 410 -1755
PAYSAGE 30007 5576 -1755
PAYSAGE 30007 262 -1751
PAYSAGE 30007 712 -1749
PAYSAGE 30007 -207 -1747
PAYSAGE 30007 560 -1747
PAYSAGE 30007 882 -1743
PAYSAGE 30007 -500 -1741
PAYSAGE 30007 -334 -1741
PAYSAGE 30007 14589 -1729
PAYSAGE 30002 2476 -1719
PAYSAGE 30007 5709 -1678
PAYSAGE 30007 5488 -1676
PAYSAGE 30004 1604 -1662
PAYSAGE 30002 2140 -1653
PAYSAGE 30007 5849 -1653
PAYSAGE 30003 2273 -1649
PAYSAGE 30003 2745 -1643
PAYSAGE 30003 1921 -1641
PAYSAGE 30002 2903 -1631
PAYSAGE 30003 3790 -1631
PAYSAGE 30003 4177 -1625
PAYSAGE 30007 6007 -1625
PAYSAGE 30007 5351 -1624
PAYSAGE 30007 14696 -1606
PAYSAGE 30007 5639 -1559
PAYSAGE 30007 14563 -1555
PAYSAGE 30003 3149 -1550
PAYSAGE 30001 3363 -1543
PAYSAGE 30002 3246 -1539
PAYSAGE 30003 3565 -1524
PAYSAGE 30007 5813 -1521
PAYSAGE 30001 4085 -1500
PAYSAGE 30007 5469 -1495
PAYSAGE 30007 5989 -1481
PAYSAGE 30007 14705 -1456
PAYSAGE 30007 5361 -1442
PAYSAGE 30001 3483 -1438
PAYSAGE 30003 3239 -1432
PAYSAGE 30001 3717 -1429
PAYSAGE 30102 1431 -1417
PAYSAGE 30002 3341 -1414
PAYSAGE 30002 1084 -1413
PAYSAGE 30007 14589 -1412
PAYSAGE 30007 5757 -1404
PAYSAGE 30007 5650 -1400
PAYSAGE 30002 4161 -1375
PAYSAGE 30102 1296 -1374
PAYSAGE 30007 5501 -1370
PAYSAGE 30007 5885 -1362
PAYSAGE 30003 4008 -1348
PAYSAGE 30007 6015 -1313
PAYSAGE 30002 3691 -1300
PAYSAGE 30007 5363 -1297
PAYSAGE 30007 14732 -1294
PAYSAGE 30007 5768 -1284
PAYSAGE 30003 3796 -1279
PAYSAGE 30003 4169 -1260
PAYSAGE 30007 14620 -1241
PAYSAGE 30003 3899 -1227
PAYSAGE 30007 5670 -1225
PAYSAGE 30007 5848 -1217
PAYSAGE 30001 3757 -1211
PAYSAGE 30007 5534 -1202
PAYSAGE 30001 883 -1191
PAYSAGE 30007 6014 -1170
PAYSAGE 30002 4049 -1154
PAYSAGE 30007 14751 -1154
PAYSAGE 30007 5360 -1148
PAYSAGE 30007 5773 -1097
PAYSAGE 30007 14624 -1088
PAYSAGE 30002 3807 -1086
PAYSAGE 30007 5649 -1080
PAYSAGE 30007 5930 -1074
PAYSAGE 30002 4171 -1067
PAYSAGE 30001 -99 -1049
PAYSAGE 30007 5412 -1045
PAYSAGE 30003 3955 -1044
PAYSAGE 30007 5568 -1043
PAYSAGE 30001 653 -1039
PAYSAGE 30003 -481 -1026
PAYSAGE 30002 530 -1026
PAYSAGE 30001 436 -1003
PAYSAGE 30007 6066 -999
PAYSAGE 30007 14753 -999
PAYSAGE 30001 -351 -996
PAYSAGE 30001 238 -989
PAYSAGE 30002 -214 -985
PAYSAGE 30007 5870 -978
PAYSAGE 30003 86 -976
PAYSAGE 30002 845 -973
PAYSAGE 30003 356 -961
PAYSAGE 30007 5737 -952
PAYSAGE 30007 5364 -943
PAYSAGE 30007 5518 -887
PAYSAGE 30007 5672 -861
PAYSAGE 30001 -485 -857
PAYSAGE 30002 -651 -849
PAYSAGE 30007 5363 -824
PAYSAGE 30007 5637 -774
PAYSAGE 30001 -537 -722
PAYSAGE 30007 5442 -673
PAYSAGE 30007 5312 -659
PAYSAGE 30003 -507 -653
PAYSAGE 30007 5574 -637
PAYSAGE 30007 5653 -621
PAYSAGE 30007 4459 -614
PAYSAGE 30007 4116 -613
PAYSAGE 30007 3764 -611
PAYSAGE 30007 4232 -611
PAYSAGE 30007 5029 -611
PAYSAGE 30007 3909 -609
PAYSAGE 30007 5418 -585
PAYSAGE 30007 5137 -582
PAYSAGE 30007 4890 -581
PAYSAGE 30002 -624 -572
PAYSAGE 30007 4032 -566
PAYSAGE 30007 4354 -563
PAYSAGE 30007 5239 -550
PAYSAGE 30007 5312 -498
PAYSAGE 30007 3900 -497
PAYSAGE 30007 5550 -497
PAYSAGE 30007 5060 -493
PAYSAGE 30007 4074 -487
PAYSAGE 30001 -521 -481
PAYSAGE 30007 5416 -474
PAYSAGE 30007 5153 -470
PAYSAGE 30007 4931 -463
PAYSAGE 30007 3759 -460
PAYSAGE 30002 -742 -448
PAYSAGE 30007 4249 -448
PAYSAGE 30007 4402 -427
PAYSAGE 30007 4851 -401
PAYSAGE 30003 -587 -385
PAYSAGE 30007 5017 -367
PAYSAGE 30007 5226 -365
PAYSAGE 30007 3897 -362
PAYSAGE 30007 4059 -355
PAYSAGE 30007 4173 -342
PAYSAGE 30007 3781 -332
PAYSAGE 30007 4476 -308
PAYSAGE 30001 -652 -297
PAYSAGE 30007 4323 -280
PAYSAGE 30007 3718 -263
PAYSAGE 30007 3904 -245
PAYSAGE 30007 4051 -240
PAYSAGE 30007 3333 -231
PAYSAGE 30007 3573 -229
PAYSAGE 30007 3055 -226
PAYSAGE 30007 4968 -223
PAYSAGE 30007 4842 -211
PAYSAGE 30007 5090 -211
PAYSAGE 30007 3209 -207
PAYSAGE 30002 -786 -205
PAYSAGE 30007 3450 -194
PAYSAGE 30007 3803 -186
PAYSAGE 30007 3694 -184
PAYSAGE 30007 4190 -175
PAYSAGE 30007 3989 -134
PAYSAGE 30007 3519 -111
PAYSAGE 30007 3380 -95
PAYSAGE 30007 3637 -90
PAYSAGE 30007 3071 -84
PAYSAGE 30003 -780 -81
PAYSAGE 30007 3231 -78
PAYSAGE 30007 3791 -68
PAYSAGE 30001 -752 16
PAYSAGE 30007 3560 23
PAYSAGE 30007 3361 34
PAYSAGE 30007 3115 40
PAYSAGE 30007 2994 44
PAYSAGE 30007 3223 44
PAYSAGE 30007 2503 59
PAYSAGE 30007 2866 59
PAYSAGE 30007 2708 60
PAYSAGE 30007 2287 63
PAYSAGE 30002 -876 66
PAYSAGE 30007 2162 69
PAYSAGE 30007 2611 111
PAYSAGE 30007 2405 118
PAYSAGE 30003 -755 156
PAYSAGE 30007 2960 165
PAYSAGE 30003 -899 168
PAYSAGE 30007 2846 183
PAYSAGE 30007 3090 183
PAYSAGE 30007 2299 193
PAYSAGE 30007 2558 197
PAYSAGE 30007 2681 203
PAYSAGE 30007 2417 223
PAYSAGE 30007 2166 228
PAYSAGE 30002 -804 248
PAYSAGE 30007 2846 286
PAYSAGE 30003 -958 290
PAYSAGE 30007 2667 301
PAYSAGE 30007 2984 303
PAYSAGE 30007 2326 312
PAYSAGE 30001 -851 352
PAYSAGE 30007 2193 353
PAYSAGE 30003 -745 411
PAYSAGE 30007 2107 470
PAYSAGE 30007 2343 475
PAYSAGE 30001 -621 485
PAYSAGE 30007 1835 490
PAYSAGE 30007 2237 491
PAYSAGE 30007 1970 492
PAYSAGE 30002 -748 535
PAYSAGE 30007 2278 615
PAYSAGE 30007 2109 620
PAYSAGE 30001 -672 622
PAYSAGE 30007 1834 622
PAYSAGE 30007 1970 625
PAYSAGE 30101 -591 696
PAYSAGE 30002 -749 752
PAYSAGE 30007 2265 761
PAYSAGE 30007 1822 772
PAYSAGE 30007 2103 772
PAYSAGE 30007 1963 778
PAYSAGE 30007 1605 823
PAYSAGE 30007 1479 825
PAYSAGE 30007 1256 827
PAYSAGE 30007 1749 839
PAYSAGE 30007 1380 870
PAYSAGE 30007 1638 898
PAYSAGE 30007 2125 917
PAYSAGE 30007 1527 923
PAYSAGE 30007 1975 931
PAYSAGE 30007 1820 934
PAYSAGE 30007 1264 948
PAYSAGE 30007 -913 963
PAYSAGE 30007 -641 964
PAYSAGE 30007 1417 970
PAYSAGE 30007 -772 974
PAYSAGE 30007 1596 1019
PAYSAGE 30007 -518 1038
PAYSAGE 30007 -162 1040
PAYSAGE 30007 -349 1043
PAYSAGE 30007 -68 1045
PAYSAGE 30007 1753 1050
PAYSAGE 30007 1269 1073
PAYSAGE 30007 1444 1093
PAYSAGE 30007 -797 1100
PAYSAGE 30007 -682 1105
PAYSAGE 30007 -869 1108
PAYSAGE 30007 -434 1115
PAYSAGE 30007 -215 1123
PAYSAGE 30007 1556 1160
PAYSAGE 30007 1247 1186
PAYSAGE 30007 -66 1187
PAYSAGE 30007 -342 1193
PAYSAGE 30007 -506 1201
PAYSAGE 30007 1093 1207
PAYSAGE 30007 56 1209
PAYSAGE 30007 542 1211
PAYSAGE 30007 230 1212
PAYSAGE 30007 372 1213
PAYSAGE 30007 895 1213
PAYSAGE 30007 652 1214
PAYSAGE 30007 1420 1220
PAYSAGE 30007 787 1227
PAYSAGE 30007 1014 1237
PAYSAGE 30007 124 1258
PAYSAGE 30007 448 1265
PAYSAGE 30007 -193 1269
PAYSAGE 30007 1350 1301
PAYSAGE 30007 1537 1307
PAYSAGE 30007 902 1313
PAYSAGE 30007 1224 1313
PAYSAGE 30007 -6 1331
PAYSAGE 30007 377 1337
PAYSAGE 30007 1055 1340
PAYSAGE 30007 526 1347
PAYSAGE 30007 763 1349
PAYSAGE 30007 635 1352
PAYSAGE 30007 172 1367
PAYSAGE 30007 295 1397
PAYSAGE 30007 -116 1426
PAYSAGE 30007 1082 1434
PAYSAGE 30007 458 1435
PAYSAGE 30007 891 1440
PAYSAGE 30007 1224 1445
PAYSAGE 30007 1426 1447
PAYSAGE 30007 1320 1450
PAYSAGE 30007 1542 1456
PAYSAGE 30007 758 1469
PAYSAGE 30007 598 1481