CARTE_MERE 1
PAYSAGE 2001 2570 -6198
PAYSAGE 2001 446 -6124
PAYSAGE 2001 287 -6119
PAYSAGE 2001 631 -6114
PAYSAGE 2001 1013 -6107
PAYSAGE 2001 804 -6105
PAYSAGE 2001 2465 -6103
PAYSAGE 2001 1164 -6102
PAYSAGE 2001 1364 -6097
PAYSAGE 2001 1528 -6097
PAYSAGE 2001 1679 -6095
PAYSAGE 2001 1831 -6075
PAYSAGE 2001 -41 -6065
PAYSAGE 2001 -217 -6063
PAYSAGE 2001 86 -6063
PAYSAGE 2001 2370 -6025
PAYSAGE 2001 2247 -5953
PAYSAGE 2001 2055 -5662
PAYSAGE 2001 1890 -5659
PAYSAGE 2001 2181 -5656
PAYSAGE 2121 4143 -4528
PAYSAGE 2121 4271 -4528
PAYSAGE 2121 4399 -4528
PAYSAGE 2124 4015 -4496
PAYSAGE 2125 4527 -4496
PAYSAGE 2120 3984 -4368
PAYSAGE 2120 4560 -4368
PAYSAGE 2002 2631 -4314
PAYSAGE 2129 2672 -4303
PAYSAGE 2120 3984 -4240
PAYSAGE 2126 4590 -4240
PAYSAGE 2125 2800 -4239
PAYSAGE 2002 2222 -4187
PAYSAGE 2120 3984 -4112
PAYSAGE 2120 4622 -4112
PAYSAGE 2120 2832 -4111
PAYSAGE 2123 3952 -3984
PAYSAGE 2126 4653 -3984
PAYSAGE 2120 2832 -3983
PAYSAGE 2121 3696 -3952
PAYSAGE 2121 3824 -3952
PAYSAGE 2128 3568 -3920
PAYSAGE 2121 3312 -3888
PAYSAGE 2121 3440 -3888
PAYSAGE 2128 3184 -3856
PAYSAGE 2120 4685 -3856
PAYSAGE 2123 2800 -3855
PAYSAGE 2121 3056 -3824
PAYSAGE 2128 2672 -3792
PAYSAGE 2128 2928 -3792
PAYSAGE 2121 2672 -3760
PAYSAGE 2121 2800 -3760
PAYSAGE 2124 2544 -3728
PAYSAGE 2120 4685 -3728
PAYSAGE 2120 4686 -3600
PAYSAGE 2001 8906 -3569
PAYSAGE 2001 9769 -3560
PAYSAGE 2001 9911 -3549
PAYSAGE 2001 7176 -3547
PAYSAGE 2001 9156 -3546
PAYSAGE 2001 9521 -3546
PAYSAGE 2001 9276 -3545
PAYSAGE 2001 9651 -3541
PAYSAGE 2001 7047 -3538
PAYSAGE 2001 7680 -3538
PAYSAGE 2001 7793 -3537
PAYSAGE 2001 10214 -3537
PAYSAGE 2001 8795 -3535
PAYSAGE 2001 8168 -3531
PAYSAGE 2001 11722 -3529
PAYSAGE 2001 10075 -3528
PAYSAGE 2001 10493 -3528
PAYSAGE 2001 7294 -3526
PAYSAGE 2001 6801 -3525
PAYSAGE 2001 10748 -3524
PAYSAGE 2001 11227 -3524
PAYSAGE 2001 11876 -3524
PAYSAGE 2001 12013 -3523
PAYSAGE 2001 9397 -3522
PAYSAGE 2001 11556 -3521
PAYSAGE 2001 6947 -3520
PAYSAGE 2001 10347 -3520
PAYSAGE 2001 9031 -3519
PAYSAGE 2001 10920 -3519
PAYSAGE 2001 11386 -3519
PAYSAGE 2001 6666 -3517
PAYSAGE 2001 10614 -3516
PAYSAGE 2001 8066 -3515
PAYSAGE 2001 11077 -3513
PAYSAGE 2001 12496 -3511
PAYSAGE 2001 7921 -3509
PAYSAGE 2001 7561 -3507
PAYSAGE 2001 7433 -3490
PAYSAGE 2120 4686 -3472
PAYSAGE 2001 8602 -3449
PAYSAGE 2001 8362 -3431
PAYSAGE 2001 6541 -3428
PAYSAGE 2001 8474 -3397
PAYSAGE 2120 4685 -3344
PAYSAGE 2120 4685 -3216
PAYSAGE 2001 12669 -3143
PAYSAGE 2001 10276 -3132
PAYSAGE 2001 6538 -3098
PAYSAGE 2120 4685 -3088
PAYSAGE 2001 6820 -3055
PAYSAGE 2001 6964 -3053
PAYSAGE 2001 11575 -3050
PAYSAGE 2001 5521 -3036
PAYSAGE 2001 5633 -3036
PAYSAGE 2001 5969 -3036
PAYSAGE 2001 6081 -3036
PAYSAGE 2001 6193 -3036
PAYSAGE 2001 6305 -3036
PAYSAGE 2001 6417 -3036
PAYSAGE 2001 7119 -3027
PAYSAGE 2001 12531 -2988
PAYSAGE 2001 11651 -2969
PAYSAGE 2001 9959 -2964
PAYSAGE 2001 11777 -2964
PAYSAGE 2122 4716 -2960
PAYSAGE 2121 4844 -2928
PAYSAGE 2121 4972 -2928
PAYSAGE 2121 5100 -2928
PAYSAGE 2121 5228 -2928
PAYSAGE 2121 5356 -2928
PAYSAGE 2121 5612 -2928
PAYSAGE 2121 5868 -2928
PAYSAGE 2121 5996 -2928
PAYSAGE 2121 6124 -2928
PAYSAGE 2121 6252 -2928
PAYSAGE 2121 6380 -2928
PAYSAGE 2121 6508 -2928
PAYSAGE 2001 6631 -2917
PAYSAGE 2002 6984 -2896
PAYSAGE 2001 8781 -2873
PAYSAGE 2001 9371 -2850
PAYSAGE 2001 9823 -2847
PAYSAGE 2001 9661 -2841
PAYSAGE 2001 9513 -2836
PAYSAGE 2001 8912 -2833
PAYSAGE 2001 9062 -2830
PAYSAGE 2001 9226 -2828
PAYSAGE 2002 2849 -2826
PAYSAGE 2001 8573 -2792
PAYSAGE 2001 7857 -2706
PAYSAGE 2001 7747 -2681
PAYSAGE 2001 7977 -2665
PAYSAGE 2001 7640 -2639
PAYSAGE 2001 11846 -2626
PAYSAGE 2001 10374 -2620
PAYSAGE 2001 4191 -2580
PAYSAGE 2001 5204 -2576
PAYSAGE 2001 4971 -2575
PAYSAGE 2001 5116 -2575
PAYSAGE 2001 4511 -2572
PAYSAGE 2001 4674 -2571
PAYSAGE 2001 4812 -2570
PAYSAGE 2001 4348 -2565
PAYSAGE 2001 8094 -2545
PAYSAGE 2001 8200 -2498
PAYSAGE 2001 10483 -2450
PAYSAGE 2002 11632 -2295
PAYSAGE 2001 8414 -2258
PAYSAGE 2001 10339 -2040
PAYSAGE 2001 4519 -1942
PAYSAGE 2001 10263 -1875
PAYSAGE 2001 -338 -175
PAYSAGE 2001 362 15
PAYSAGE 2002 -161 58
ACTIONNEUR -15 -2470
RECT_COL 20 1
CHANGEMENT_CARTE 101
FIN_ACTIONNEUR
ACTIONNEUR 4657 -737
RECT_COL 100 10
CHARGER_CHAPITRE 2
FIN_ACTIONNEUR
ACTIONNEUR 4656 -700
RECT_COL 100 1
CHANGEMENT_CARTE 2
FIN_ACTIONNEUR
