CARTE_MERE 101
PAYSAGE 10208 68 -2782
PAYSAGE 10204 171 -2782
PAYSAGE 10204 299 -2782
PAYSAGE 10204 427 -2782
PAYSAGE 10204 555 -2782
PAYSAGE 10204 683 -2782
PAYSAGE 10209 800 -2782
PAYSAGE 10201 49 -2712
PAYSAGE 10201 817 -2712
PAYSAGE 10201 817 -2616
PAYSAGE 10208 -184 -2590
PAYSAGE 10204 -81 -2590
PAYSAGE 10207 34 -2590
PAYSAGE 10208 200 -2590
PAYSAGE 10204 303 -2590
PAYSAGE 10204 431 -2590
PAYSAGE 10209 548 -2590
PAYSAGE 10201 -203 -2520
PAYSAGE 10201 181 -2520
PAYSAGE 10201 565 -2520
PAYSAGE 10201 817 -2520
PAYSAGE 10201 565 -2424
PAYSAGE 10206 -182 -2398
PAYSAGE 10209 -88 -2398
PAYSAGE 10208 76 -2398
PAYSAGE 10207 166 -2398
PAYSAGE 10206 838 -2398
PAYSAGE 10204 943 -2398
PAYSAGE 10204 1071 -2398
PAYSAGE 10204 1199 -2398
PAYSAGE 10204 1327 -2398
PAYSAGE 10204 1455 -2398
PAYSAGE 10209 1572 -2398
PAYSAGE 10201 565 -2328
PAYSAGE 10201 1589 -2328
PAYSAGE 10208 819 -2254
PAYSAGE 10204 922 -2254
PAYSAGE 10204 1050 -2254
PAYSAGE 10209 1167 -2254
PAYSAGE 10201 565 -2232
PAYSAGE 10201 1589 -2232
COFFRE 1481 -2196
RAY_COL 15
PAYSAGE 21002
NOM 612
NOMBRE_OBJETS_ALEATOIRE 1 2
OBJET
TYPE_ALEATOIRE spatha 4
TYPE_ALEATOIRE pavis 4
TYPE_ALEATOIRE bascinet 5
TYPE_ALEATOIRE platearmor 5
TYPE_ALEATOIRE fabricboots 4
TYPE_ALEATOIRE sapphirering 4
FIN_OBJET
OBJET
TYPE unidentifiedstone 0
FIN_OBJET
FIN_COFFRE
PAYSAGE 10201 800 -2184
PAYSAGE 10201 1184 -2184
PAYSAGE 10201 565 -2136
PAYSAGE 10201 1589 -2136
PAYSAGE 10206 821 -2062
PAYSAGE 10204 926 -2062
PAYSAGE 10204 1054 -2062
PAYSAGE 10207 1169 -2062
PAYSAGE 10201 565 -2040
PAYSAGE 10201 1589 -2040
PAYSAGE 10206 586 -1918
PAYSAGE 10204 691 -1918
PAYSAGE 10204 819 -1918
PAYSAGE 10204 947 -1918
PAYSAGE 10204 1075 -1918
PAYSAGE 10204 1203 -1918
PAYSAGE 10204 1331 -1918
PAYSAGE 10204 1459 -1918
PAYSAGE 10207 1574 -1918