CARTE_MERE 1
PAYSAGE 10009 4584 -810
PAYSAGE 10008 4732 -810
PAYSAGE 10001 4592 -766
PAYSAGE 10001 4720 -766
PAYSAGE 10001 4592 -718
PAYSAGE 10001 4720 -718
PAYSAGE 10001 4592 -670
PAYSAGE 10001 4720 -670
PAYSAGE 10001 4592 -622
PAYSAGE 10001 4720 -622
PAYSAGE 10001 4592 -574
PAYSAGE 10001 4720 -574
PAYSAGE 10001 4592 -526
PAYSAGE 10001 4720 -526
PAYSAGE 10001 4592 -478
PAYSAGE 10001 4720 -478
PAYSAGE 10001 4592 -430
PAYSAGE 10001 4720 -430
PAYSAGE 10001 4592 -382
PAYSAGE 10001 4720 -382
PAYSAGE 10001 4592 -334
PAYSAGE 10001 4720 -334
PAYSAGE 10001 4592 -286
PAYSAGE 10001 4720 -286